<?xml version="1.0" encoding="UTF-8"?>
<!-- Generated by org.testng.reporters.JUnitXMLReporter -->
<testsuite hostname="krishna-Inspiron-3543" ignored="286" name="DemoTest1" tests="1" failures="0" timestamp="19 Nov 2019 08:10:12 GMT" time="15.791" errors="0">
  <testcase name="Verify_that_user_can_not_unsubscribe_existing_pending_member_in_sms_and_email_channel_using_X_Ms_Audience_Update_header_with_value_unsub" time="15.59" classname="com.mPulse.testCases.AudienceUnSubAPITest"/>
  <testcase name="Ensure_Message_API_is_working_with_dynamic_tag_for_english_content" time="0.0" classname="com.mPulse.testCases.EnglishAndSpanishMTTest">
    <ignored/>
  </testcase> <!-- Ensure_Message_API_is_working_with_dynamic_tag_for_english_content -->
  <testcase name="Ensure_Direct_message_API_is_working" time="0.0" classname="com.mPulse.testCases.EnglishAndSpanishMTTest">
    <ignored/>
  </testcase> <!-- Ensure_Direct_message_API_is_working -->
  <testcase name="Registration_data" time="0.0" classname="com.mPulse.testCases.Test">
    <ignored/>
  </testcase> <!-- Registration_data -->
  <testcase name="Verify_Two_Members_Can_Be_Deleted_By_Email" time="0.0" classname="com.mPulse.testCases.DeleteMemberAPITest">
    <ignored/>
  </testcase> <!-- Verify_Two_Members_Can_Be_Deleted_By_Email -->
  <testcase name="Verify_that_member_is_unsubscribed_from_sms_channel_when_mobilephone_is_nulled_using_X_Ms_Audience_Update_header_with_value_upsert" time="0.0" classname="com.mPulse.testCases.AudienceUpsertAPITest">
    <ignored/>
  </testcase> <!-- Verify_that_member_is_unsubscribed_from_sms_channel_when_mobilephone_is_nulled_using_X_Ms_Audience_Update_header_with_value_upsert -->
  <testcase name="Verify_that_for_invalid_email_id_in_the_request_body_the_response_code_should_be_400_and_error_message_Invalid_parameter_value_using_X_Ms_Audience_Update_header_with_value_upsert" time="0.0" classname="com.mPulse.testCases.AudienceUpsertAPITest">
    <ignored/>
  </testcase> <!-- Verify_that_for_invalid_email_id_in_the_request_body_the_response_code_should_be_400_and_error_message_Invalid_parameter_value_using_X_Ms_Audience_Update_header_with_value_upsert -->
  <testcase name="Verify_API_request_should_only_accessible_through_valid_basic_authorization_for_not_valid_authorization_response_code_should_be_403" time="0.0" classname="com.mPulse.testCases.AudienceSubAPITest">
    <ignored/>
  </testcase> <!-- Verify_API_request_should_only_accessible_through_valid_basic_authorization_for_not_valid_authorization_response_code_should_be_403 -->
  <testcase name="Verify_Delete_Not_Existing_Two_Members" time="0.0" classname="com.mPulse.testCases.DeleteMemberAPITest">
    <ignored/>
  </testcase> <!-- Verify_Delete_Not_Existing_Two_Members -->
  <testcase name="verify_that_member_can_be_created_with_standard_and_custom_field_using_X_Ms_Audience_Update_header_with_value_upsert" time="0.0" classname="com.mPulse.testCases.AudienceUpsertAPITest">
    <ignored/>
  </testcase> <!-- verify_that_member_can_be_created_with_standard_and_custom_field_using_X_Ms_Audience_Update_header_with_value_upsert -->
  <testcase name="Verify_that_member_must_get_welcome_message_for_email_channel_if_using_Send_Welcome_Message_true_and_X_Ms_Audience_Update_header_with_value_sub" time="0.0" classname="com.mPulse.testCases.AudienceSubAPITest">
    <ignored/>
  </testcase> <!-- Verify_that_member_must_get_welcome_message_for_email_channel_if_using_Send_Welcome_Message_true_and_X_Ms_Audience_Update_header_with_value_sub -->
  <testcase name="Verify_that_user_should_not_update_existing_member_subscription_if_not_using_Ignore_Error_For_Existing_Members_and_X_Ms_Force_Subscribe_Member_header_in_same_request" time="0.0" classname="com.mPulse.testCases.AudiencePostAPITest">
    <ignored/>
  </testcase> <!-- Verify_that_user_should_not_update_existing_member_subscription_if_not_using_Ignore_Error_For_Existing_Members_and_X_Ms_Force_Subscribe_Member_header_in_same_request -->
  <testcase name="Verify_that_user_can_update_existing_member_subscription_using_Ignore_Error_For_Existing_Members_and_X_Ms_Force_Subscribe_Member_header_at_a_time_in_same_request" time="0.0" classname="com.mPulse.testCases.AudiencePostAPITest">
    <ignored/>
  </testcase> <!-- Verify_that_user_can_update_existing_member_subscription_using_Ignore_Error_For_Existing_Members_and_X_Ms_Force_Subscribe_Member_header_at_a_time_in_same_request -->
  <testcase name="Verify_API_request_fails_if_no_auth_credentials_are_given" time="0.0" classname="com.mPulse.testCases.AudiencePostAPITest">
    <ignored/>
  </testcase> <!-- Verify_API_request_fails_if_no_auth_credentials_are_given -->
  <testcase name="Verify_audience_API_data_writes_on_api_request_log_table" time="0.0" classname="com.mPulse.testCases.AudiencePostAPITest">
    <ignored/>
  </testcase> <!-- Verify_audience_API_data_writes_on_api_request_log_table -->
  <testcase name="Verify_that_reserved_characters_should_work_when_used_properly_in_link_when_shortened" time="0.0" classname="com.mPulse.testCases.SMSLinkTrackingTest">
    <ignored/>
  </testcase> <!-- Verify_that_reserved_characters_should_work_when_used_properly_in_link_when_shortened -->
  <testcase name="Verify_that_user_can_subscribe_existing_member_in_new_list_in_appmail_channel_using_X_Ms_Audience_Update_header_with_value_sub" time="0.0" classname="com.mPulse.testCases.AudienceSubAPITest">
    <ignored/>
  </testcase> <!-- Verify_that_user_can_subscribe_existing_member_in_new_list_in_appmail_channel_using_X_Ms_Audience_Update_header_with_value_sub -->
  <testcase name="Verify_that_user_can_re_subscribe_already_unsubscribed_member_in_a_list_in_appmail_channel_using_X_Ms_Audience_Update_header_with_value_resub" time="0.0" classname="com.mPulse.testCases.AudienceReSubAPITest">
    <ignored/>
  </testcase> <!-- Verify_that_user_can_re_subscribe_already_unsubscribed_member_in_a_list_in_appmail_channel_using_X_Ms_Audience_Update_header_with_value_resub -->
  <testcase name="Verify_that_member_is_unsubscribed_from_email_channel_when_email_is_nulled_using_X_Ms_Update_header_with_value_update" time="0.0" classname="com.mPulse.testCases.AudienceUpdateAPITest">
    <ignored/>
  </testcase> <!-- Verify_that_member_is_unsubscribed_from_email_channel_when_email_is_nulled_using_X_Ms_Update_header_with_value_update -->
  <testcase name="Verify_that_user_can_not_subscribe_existing_member_for_first_time_in_a_list_in_sms_channel_using_X_Ms_Audience_Update_header_with_value_resub" time="0.0" classname="com.mPulse.testCases.AudienceReSubAPITest">
    <ignored/>
  </testcase> <!-- Verify_that_user_can_not_subscribe_existing_member_for_first_time_in_a_list_in_sms_channel_using_X_Ms_Audience_Update_header_with_value_resub -->
  <testcase name="Verify_Delete_Not_Existing_Member" time="0.0" classname="com.mPulse.testCases.DeleteMemberAPITest">
    <ignored/>
  </testcase> <!-- Verify_Delete_Not_Existing_Member -->
  <testcase name="Verify_Delete_If_One_Of_Two_Member_Not_Exists" time="0.0" classname="com.mPulse.testCases.DeleteMemberAPITest">
    <ignored/>
  </testcase> <!-- Verify_Delete_If_One_Of_Two_Member_Not_Exists -->
  <testcase name="Verify_that_member_should_get_subscribed_in_the_respective_list_when_using_Force_Subscribe_Member_header_irrespective_of_there_current_subscription_status_using_X_Ms_Audience_Update_header_with_value_upsert" time="0.0" classname="com.mPulse.testCases.AudienceUpsertAPITest">
    <ignored/>
  </testcase> <!-- Verify_that_member_should_get_subscribed_in_the_respective_list_when_using_Force_Subscribe_Member_header_irrespective_of_there_current_subscription_status_using_X_Ms_Audience_Update_header_with_value_upsert -->
  <testcase name="Verify_that_user_should_create_member_by_only_giving_valid_email_in_the_request_using_X_Ms_Audience_Update_header_with_value_upsert" time="0.0" classname="com.mPulse.testCases.AudienceUpsertAPITest">
    <ignored/>
  </testcase> <!-- Verify_that_user_should_create_member_by_only_giving_valid_email_in_the_request_using_X_Ms_Audience_Update_header_with_value_upsert -->
  <testcase name="Verify_that_using_all_identifiers_in_a_single_request_and_if_one_or_more_identifiers_are_invalid_and_then_request_marked_as_failed_and_response_code_is_400" time="0.0" classname="com.mPulse.testCases.AudienceUpsertAPITest">
    <ignored/>
  </testcase> <!-- Verify_that_using_all_identifiers_in_a_single_request_and_if_one_or_more_identifiers_are_invalid_and_then_request_marked_as_failed_and_response_code_is_400 -->
  <testcase name="Verify_that_Custom_event_trigger_should_work_for_dynamic_event_attribute" time="0.0" classname="com.mPulse.testCases.EventUploadAPI_V2Test">
    <ignored/>
  </testcase> <!-- Verify_that_Custom_event_trigger_should_work_for_dynamic_event_attribute -->
  <testcase name="Verify_that_user_should_create_member_by_only_giving_the_valid_phone_number_in_the_request_using_X_Ms_Audience_Update_header_with_value_upsert" time="0.0" classname="com.mPulse.testCases.AudienceUpsertAPITest">
    <ignored/>
  </testcase> <!-- Verify_that_user_should_create_member_by_only_giving_the_valid_phone_number_in_the_request_using_X_Ms_Audience_Update_header_with_value_upsert -->
  <testcase name="verify_that_member_can_be_created_with_all_standard_field_using_X_Ms_Audience_Update_header_with_value_upsert" time="0.0" classname="com.mPulse.testCases.AudienceUpsertAPITest">
    <ignored/>
  </testcase> <!-- verify_that_member_can_be_created_with_all_standard_field_using_X_Ms_Audience_Update_header_with_value_upsert -->
  <testcase name="Verify_secure_message_deeplink_feature_for_Email" time="0.0" classname="com.mPulse.testCases.SMSLinkTrackingTest">
    <ignored/>
  </testcase> <!-- Verify_secure_message_deeplink_feature_for_Email -->
  <testcase name="Verify_that_user_can_select_event_attribute_and_give_value_while_setting_custom_event_for_member_engagement_trigger_in_a_campaign" time="0.0" classname="com.mPulse.testCases.EventUploadAPI_V2Test">
    <ignored/>
  </testcase> <!-- Verify_that_user_can_select_event_attribute_and_give_value_while_setting_custom_event_for_member_engagement_trigger_in_a_campaign -->
  <testcase name="Verify_that_for_invalid_email_id_in_request_body_and_response_code_should_be_400_and_and_error_message_Invalid_parameter_value_when_using_X_Ms_Audience_Update_header_with_value_upsert" time="0.0" classname="com.mPulse.testCases.AudienceUpsertAPITest">
    <ignored/>
  </testcase> <!-- Verify_that_for_invalid_email_id_in_request_body_and_response_code_should_be_400_and_and_error_message_Invalid_parameter_value_when_using_X_Ms_Audience_Update_header_with_value_upsert -->
  <testcase name="Verify_that_all_the_fields_of_member_including_identifiers_are_updated_when_using_X_Ms_Update_header_with_value_update" time="0.0" classname="com.mPulse.testCases.AudienceUpdateAPITest">
    <ignored/>
  </testcase> <!-- Verify_that_all_the_fields_of_member_including_identifiers_are_updated_when_using_X_Ms_Update_header_with_value_update -->
  <testcase name="Verify_Two_Members_Can_Be_Deleted_By_Email_And_Client_Member_Id" time="0.0" classname="com.mPulse.testCases.DeleteMemberAPITest">
    <ignored/>
  </testcase> <!-- Verify_Two_Members_Can_Be_Deleted_By_Email_And_Client_Member_Id -->
  <testcase name="Verify_that_member_should_be_added_in_email_pending_state_in_the_respective_list_and_get_confirm_opt_in_message_when_using_X_Ms_List_Confirm_header_using_X_Ms_Audience_Update_header_with_value_upsert" time="0.0" classname="com.mPulse.testCases.AudienceUpsertAPITest">
    <ignored/>
  </testcase> <!-- Verify_that_member_should_be_added_in_email_pending_state_in_the_respective_list_and_get_confirm_opt_in_message_when_using_X_Ms_List_Confirm_header_using_X_Ms_Audience_Update_header_with_value_upsert -->
  <testcase name="verify_that_welcome_message_with_footer_message_is_received_for_EMAIL_on_joining_the_list_from_CSV_import_after_confirm_Opt_in" time="0.0" classname="com.mPulse.testCases.MembersCSVUploadTest">
    <ignored/>
  </testcase> <!-- verify_that_welcome_message_with_footer_message_is_received_for_EMAIL_on_joining_the_list_from_CSV_import_after_confirm_Opt_in -->
  <testcase name="Verify_that_user_can_select_event_callback_in_XML" time="0.0" classname="com.mPulse.testCases.EventUploadAPI_V2Test">
    <ignored/>
  </testcase> <!-- Verify_that_user_can_select_event_callback_in_XML -->
  <testcase name="Verify_that_user_can_subscribe_existing_member_in_new_list_in_sms_channel_using_X_Ms_Audience_Update_header_with_value_sub" time="0.0" classname="com.mPulse.testCases.AudienceSubAPITest">
    <ignored/>
  </testcase> <!-- Verify_that_user_can_subscribe_existing_member_in_new_list_in_sms_channel_using_X_Ms_Audience_Update_header_with_value_sub -->
  <testcase name="Verify_API_request_should_only_accessible_through_valid_basic_authorization_for_not_valid_authorization_response_code_should_be_403" time="0.0" classname="com.mPulse.testCases.AudienceUpdateAPITest">
    <ignored/>
  </testcase> <!-- Verify_API_request_should_only_accessible_through_valid_basic_authorization_for_not_valid_authorization_response_code_should_be_403 -->
  <testcase name="verify_that_welcome_message_with_footer_message_is_received_for_EMAIL_on_joining_the_list_from_CSV_import_after_confirm_Opt_in_using_pipe_delimiter_CSV" time="0.0" classname="com.mPulse.testCases.MembersCSVUploadTest">
    <ignored/>
  </testcase> <!-- verify_that_welcome_message_with_footer_message_is_received_for_EMAIL_on_joining_the_list_from_CSV_import_after_confirm_Opt_in_using_pipe_delimiter_CSV -->
  <testcase name="Verify_Branding_code_feature" time="0.0" classname="com.mPulse.testCases.SMSLinkTrackingTest">
    <ignored/>
  </testcase> <!-- Verify_Branding_code_feature -->
  <testcase name="Verify_that_user_can_compose_campaign_with_having_segment_and_apply_profile_trigger" time="0.0" classname="com.mPulse.testCases.SegmentProfileDateTriggerTest">
    <ignored/>
  </testcase> <!-- Verify_that_user_can_compose_campaign_with_having_segment_and_apply_profile_trigger -->
  <testcase name="Verify_that_both_standard_and_custom_fields_of_a_member_could_be_updated_in_a_single_request_using_X_Ms_Update_header_with_value_update" time="0.0" classname="com.mPulse.testCases.AudienceUpdateAPITest">
    <ignored/>
  </testcase> <!-- Verify_that_both_standard_and_custom_fields_of_a_member_could_be_updated_in_a_single_request_using_X_Ms_Update_header_with_value_update -->
  <testcase name="Verify_that_user_can_create_new_event_with_attributes_having_default_values" time="0.0" classname="com.mPulse.testCases.EventUploadAPI_V2Test">
    <ignored/>
  </testcase> <!-- Verify_that_user_can_create_new_event_with_attributes_having_default_values -->
  <testcase name="verify_that_user_gets_spanish_MO_on_sending_spanish_Help_MO_keyword_AYUDA" time="0.0" classname="com.mPulse.testCases.MOandARsTest">
    <ignored/>
  </testcase> <!-- verify_that_user_gets_spanish_MO_on_sending_spanish_Help_MO_keyword_AYUDA -->
  <testcase name="Verify_that_message_must_fire_when_user_add_member_to_the_composite_segment_and_fire_date_trigger" time="0.0" classname="com.mPulse.testCases.MultiSegmentProfileDateTriggerTest">
    <ignored/>
  </testcase> <!-- Verify_that_message_must_fire_when_user_add_member_to_the_composite_segment_and_fire_date_trigger -->
  <testcase name="verify_that_member_can_be_created_with_all_standard_field" time="0.0" classname="com.mPulse.testCases.AudiencePostAPITest">
    <ignored/>
  </testcase> <!-- verify_that_member_can_be_created_with_all_standard_field -->
  <testcase name="Verify_that_all_the_fields_of_member_including_identifiers_are_updated_when_using_X_Ms_Audience_Update_header_with_value_upsert" time="0.0" classname="com.mPulse.testCases.AudienceUpsertAPITest">
    <ignored/>
  </testcase> <!-- Verify_that_all_the_fields_of_member_including_identifiers_are_updated_when_using_X_Ms_Audience_Update_header_with_value_upsert -->
  <testcase name="Verify_that_message_must_fire_when_user_add_member_to_the_segment_and_fire_profile_trigger" time="0.0" classname="com.mPulse.testCases.SegmentProfileDateTriggerTest">
    <ignored/>
  </testcase> <!-- Verify_that_message_must_fire_when_user_add_member_to_the_segment_and_fire_profile_trigger -->
  <testcase name="Verify_Two_Members_Can_Be_Deleted_By_Member_ID_and_App_Member_Id" time="0.0" classname="com.mPulse.testCases.DeleteMemberAPITest">
    <ignored/>
  </testcase> <!-- Verify_Two_Members_Can_Be_Deleted_By_Member_ID_and_App_Member_Id -->
  <testcase name="Verify_Two_Members_Can_Be_Deleted_By_Client_Member_ID_And_App_Member_Id" time="0.0" classname="com.mPulse.testCases.DeleteMemberAPITest">
    <ignored/>
  </testcase> <!-- Verify_Two_Members_Can_Be_Deleted_By_Client_Member_ID_And_App_Member_Id -->
  <testcase name="Verify_that_fields_not_included_in_the_request_are_updated_to_null_when_using_X_Ms_Audience_Update_header_with_value_upsert" time="0.0" classname="com.mPulse.testCases.AudienceUpsertAPITest">
    <ignored/>
  </testcase> <!-- Verify_that_fields_not_included_in_the_request_are_updated_to_null_when_using_X_Ms_Audience_Update_header_with_value_upsert -->
  <testcase name="Ensure_Message_API_with_spanish_content_is_working" time="0.0" classname="com.mPulse.testCases.EnglishAndSpanishMTTest">
    <ignored/>
  </testcase> <!-- Ensure_Message_API_with_spanish_content_is_working -->
  <testcase name="Verify_that_member_should_get_subscribed_in_the_respective_list_when_using_Force_Subscribe_Member_header_irrespective_of_there_current_subscription_status" time="0.0" classname="com.mPulse.testCases.AudiencePostAPITest">
    <ignored/>
  </testcase> <!-- Verify_that_member_should_get_subscribed_in_the_respective_list_when_using_Force_Subscribe_Member_header_irrespective_of_there_current_subscription_status -->
  <testcase name="Verify_Two_Members_Can_Be_Deleted_By_Mobile_Phone_And_Client_Member_Id" time="0.0" classname="com.mPulse.testCases.DeleteMemberAPITest">
    <ignored/>
  </testcase> <!-- Verify_Two_Members_Can_Be_Deleted_By_Mobile_Phone_And_Client_Member_Id -->
  <testcase name="verify_that_user_send_help_MO_and_user_receive_shortcode_help_AR" time="0.0" classname="com.mPulse.testCases.MOandARsTest">
    <ignored/>
  </testcase> <!-- verify_that_user_send_help_MO_and_user_receive_shortcode_help_AR -->
  <testcase name="verify_that_member_can_be_created_with_standard_and_custom_field" time="0.0" classname="com.mPulse.testCases.AudiencePostAPITest">
    <ignored/>
  </testcase> <!-- verify_that_member_can_be_created_with_standard_and_custom_field -->
  <testcase name="Verify_that_member_should_be_added_in_email_pending_state_in_the_respective_list_and_get_confirm_opt_in_message_when_using_X_Ms_List_Confirm_header" time="0.0" classname="com.mPulse.testCases.AudiencePostAPITest">
    <ignored/>
  </testcase> <!-- Verify_that_member_should_be_added_in_email_pending_state_in_the_respective_list_and_get_confirm_opt_in_message_when_using_X_Ms_List_Confirm_header -->
  <testcase name="Verify_error_response_when_user_try_to_add_member_with_email_and_list_not_support_email_channel" time="0.0" classname="com.mPulse.testCases.AudienceUpsertAPITest">
    <ignored/>
  </testcase> <!-- Verify_error_response_when_user_try_to_add_member_with_email_and_list_not_support_email_channel -->
  <testcase name="Verify_that_if_custom_event_trigger_is_used_for_sms_message_and_fire_event_using_member_email_where_member_subscribe_in_sms_channel_message_should_fire_for_member" time="0.0" classname="com.mPulse.testCases.EventUploadAPI_V2Test">
    <ignored/>
  </testcase> <!-- Verify_that_if_custom_event_trigger_is_used_for_sms_message_and_fire_event_using_member_email_where_member_subscribe_in_sms_channel_message_should_fire_for_member -->
  <testcase name="verify_that_confirm_opt_in_message_is_received_on_CSV_import_for_Email_using_pipe_delimiter_CSV" time="0.0" classname="com.mPulse.testCases.MembersCSVUploadTest">
    <ignored/>
  </testcase> <!-- verify_that_confirm_opt_in_message_is_received_on_CSV_import_for_Email_using_pipe_delimiter_CSV -->
  <testcase name="Verify_that_member_must_get_welcome_message_when_trying_to_re_subscribe_existing_unsubscription_member_for_sms_channel_if_using_Send_Welcome_Message_true_and_X_Ms_Audience_Update_header_with_value_resub" time="0.0" classname="com.mPulse.testCases.AudienceReSubAPITest">
    <ignored/>
  </testcase> <!-- Verify_that_member_must_get_welcome_message_when_trying_to_re_subscribe_existing_unsubscription_member_for_sms_channel_if_using_Send_Welcome_Message_true_and_X_Ms_Audience_Update_header_with_value_resub -->
  <testcase name="Verify_that_user_can_edit_existing_event_can_add_attributes_or_change_default_value" time="0.0" classname="com.mPulse.testCases.EventUploadAPI_V2Test">
    <ignored/>
  </testcase> <!-- Verify_that_user_can_edit_existing_event_can_add_attributes_or_change_default_value -->
  <testcase name="Verify_that_both_standard_and_custom_fields_of_a_member_could_be_updated_in_a_single_request_using_X_Ms_Audience_Update_header_with_value_upsert" time="0.0" classname="com.mPulse.testCases.AudienceUpsertAPITest">
    <ignored/>
  </testcase> <!-- Verify_that_both_standard_and_custom_fields_of_a_member_could_be_updated_in_a_single_request_using_X_Ms_Audience_Update_header_with_value_upsert -->
  <testcase name="Verify_that_user_can_create_new_event_without_attributes" time="0.0" classname="com.mPulse.testCases.EventUploadAPI_V2Test">
    <ignored/>
  </testcase> <!-- Verify_that_user_can_create_new_event_without_attributes -->
  <testcase name="Verify_that_user_can_not_re_subscribe_already_unsubscribed_member_in_a_list_in_email_channel_using_X_Ms_Audience_Update_header_with_value_sub" time="0.0" classname="com.mPulse.testCases.AudienceSubAPITest">
    <ignored/>
  </testcase> <!-- Verify_that_user_can_not_re_subscribe_already_unsubscribed_member_in_a_list_in_email_channel_using_X_Ms_Audience_Update_header_with_value_sub -->
  <testcase name="Verify_that_user_can_update_existing_member_subscription_using_Ignore_Error_For_Existing_Members_and_X_Ms_Force_Subscribe_Member_header_at_a_time_in_same_request_using_X_Ms_Audience_Update_header_with_value_upsert" time="0.0" classname="com.mPulse.testCases.AudienceUpsertAPITest">
    <ignored/>
  </testcase> <!-- Verify_that_user_can_update_existing_member_subscription_using_Ignore_Error_For_Existing_Members_and_X_Ms_Force_Subscribe_Member_header_at_a_time_in_same_request_using_X_Ms_Audience_Update_header_with_value_upsert -->
  <testcase name="Verify_links_get_opened_and_count_increase_under_link_click_section_on_reporting_page" time="0.0" classname="com.mPulse.testCases.SMSLinkTrackingTest">
    <ignored/>
  </testcase> <!-- Verify_links_get_opened_and_count_increase_under_link_click_section_on_reporting_page -->
  <testcase name="Verify_that_user_can_update_identifiers_and_profile_field_when_using_X_Ms_Audience_Update_header_with_value_upsert" time="0.0" classname="com.mPulse.testCases.AudienceUpsertAPITest">
    <ignored/>
  </testcase> <!-- Verify_that_user_can_update_identifiers_and_profile_field_when_using_X_Ms_Audience_Update_header_with_value_upsert -->
  <testcase name="@BeforeSuite startSuite" time="0.0" classname="com.mPulse.testCases.BaseTest">
    <ignored/>
  </testcase> <!-- @BeforeSuite startSuite -->
  <testcase name="@BeforeSuite startSuite" time="0.0" classname="com.mPulse.testCases.BaseTest">
    <ignored/>
  </testcase> <!-- @BeforeSuite startSuite -->
  <testcase name="@BeforeSuite startSuite" time="0.0" classname="com.mPulse.testCases.BaseTest">
    <ignored/>
  </testcase> <!-- @BeforeSuite startSuite -->
  <testcase name="@BeforeSuite startSuite" time="0.0" classname="com.mPulse.testCases.BaseTest">
    <ignored/>
  </testcase> <!-- @BeforeSuite startSuite -->
  <testcase name="@BeforeSuite startSuite" time="0.0" classname="com.mPulse.testCases.BaseTest">
    <ignored/>
  </testcase> <!-- @BeforeSuite startSuite -->
  <testcase name="@BeforeSuite startSuite" time="0.0" classname="com.mPulse.testCases.BaseTest">
    <ignored/>
  </testcase> <!-- @BeforeSuite startSuite -->
  <testcase name="@BeforeSuite startSuite" time="0.0" classname="com.mPulse.testCases.BaseTest">
    <ignored/>
  </testcase> <!-- @BeforeSuite startSuite -->
  <testcase name="@BeforeSuite startSuite" time="0.0" classname="com.mPulse.testCases.BaseTest">
    <ignored/>
  </testcase> <!-- @BeforeSuite startSuite -->
  <testcase name="@BeforeSuite startSuite" time="0.0" classname="com.mPulse.testCases.BaseTest">
    <ignored/>
  </testcase> <!-- @BeforeSuite startSuite -->
  <testcase name="@BeforeSuite startSuite" time="0.0" classname="com.mPulse.testCases.BaseTest">
    <ignored/>
  </testcase> <!-- @BeforeSuite startSuite -->
  <testcase name="@BeforeSuite startSuite" time="0.0" classname="com.mPulse.testCases.BaseTest">
    <ignored/>
  </testcase> <!-- @BeforeSuite startSuite -->
  <testcase name="@BeforeSuite startSuite" time="0.0" classname="com.mPulse.testCases.BaseTest">
    <ignored/>
  </testcase> <!-- @BeforeSuite startSuite -->
  <testcase name="@BeforeSuite startSuite" time="0.0" classname="com.mPulse.testCases.BaseTest">
    <ignored/>
  </testcase> <!-- @BeforeSuite startSuite -->
  <testcase name="@BeforeSuite startSuite" time="0.0" classname="com.mPulse.testCases.BaseTest">
    <ignored/>
  </testcase> <!-- @BeforeSuite startSuite -->
  <testcase name="verify_that_welcome_message_is_received_for_SMS_on_joining_the_list_from_CSV_import_after_confirm_Opt_in_using_pipe_delimiter_CSV" time="0.0" classname="com.mPulse.testCases.MembersCSVUploadTest">
    <ignored/>
  </testcase> <!-- verify_that_welcome_message_is_received_for_SMS_on_joining_the_list_from_CSV_import_after_confirm_Opt_in_using_pipe_delimiter_CSV -->
  <testcase name="Verify_secure_message_deeplink_feature_for_SMS" time="0.0" classname="com.mPulse.testCases.SMSLinkTrackingTest">
    <ignored/>
  </testcase> <!-- Verify_secure_message_deeplink_feature_for_SMS -->
  <testcase name="Verify_that_user_should_create_member_by_only_giving_the_valid_phone_number_in_the_request" time="0.0" classname="com.mPulse.testCases.AudiencePostAPITest">
    <ignored/>
  </testcase> <!-- Verify_that_user_should_create_member_by_only_giving_the_valid_phone_number_in_the_request -->
  <testcase name="verify_that_member_should_create_by_giving_all_valid_identifiers_at_once_using_X_Ms_Audience_Update_header_with_value_upsert" time="0.0" classname="com.mPulse.testCases.AudienceUpsertAPITest">
    <ignored/>
  </testcase> <!-- verify_that_member_should_create_by_giving_all_valid_identifiers_at_once_using_X_Ms_Audience_Update_header_with_value_upsert -->
  <testcase name="@AfterTest endTest" time="0.0" classname="com.mPulse.testCases.BaseTest">
    <ignored/>
  </testcase> <!-- @AfterTest endTest -->
  <testcase name="@AfterTest endTest" time="0.0" classname="com.mPulse.testCases.BaseTest">
    <ignored/>
  </testcase> <!-- @AfterTest endTest -->
  <testcase name="@AfterTest endTest" time="0.0" classname="com.mPulse.testCases.BaseTest">
    <ignored/>
  </testcase> <!-- @AfterTest endTest -->
  <testcase name="@AfterTest endTest" time="0.0" classname="com.mPulse.testCases.BaseTest">
    <ignored/>
  </testcase> <!-- @AfterTest endTest -->
  <testcase name="@AfterTest endTest" time="0.0" classname="com.mPulse.testCases.BaseTest">
    <ignored/>
  </testcase> <!-- @AfterTest endTest -->
  <testcase name="@AfterTest endTest" time="0.0" classname="com.mPulse.testCases.BaseTest">
    <ignored/>
  </testcase> <!-- @AfterTest endTest -->
  <testcase name="@AfterTest endTest" time="0.0" classname="com.mPulse.testCases.BaseTest">
    <ignored/>
  </testcase> <!-- @AfterTest endTest -->
  <testcase name="@AfterTest endTest" time="0.0" classname="com.mPulse.testCases.BaseTest">
    <ignored/>
  </testcase> <!-- @AfterTest endTest -->
  <testcase name="@AfterTest endTest" time="0.0" classname="com.mPulse.testCases.BaseTest">
    <ignored/>
  </testcase> <!-- @AfterTest endTest -->
  <testcase name="@AfterTest endTest" time="0.0" classname="com.mPulse.testCases.BaseTest">
    <ignored/>
  </testcase> <!-- @AfterTest endTest -->
  <testcase name="@AfterTest endTest" time="0.0" classname="com.mPulse.testCases.BaseTest">
    <ignored/>
  </testcase> <!-- @AfterTest endTest -->
  <testcase name="@AfterTest endTest" time="0.0" classname="com.mPulse.testCases.BaseTest">
    <ignored/>
  </testcase> <!-- @AfterTest endTest -->
  <testcase name="@AfterTest endTest" time="0.0" classname="com.mPulse.testCases.BaseTest">
    <ignored/>
  </testcase> <!-- @AfterTest endTest -->
  <testcase name="@AfterTest endTest" time="0.0" classname="com.mPulse.testCases.BaseTest">
    <ignored/>
  </testcase> <!-- @AfterTest endTest -->
  <testcase name="Verify_that_member_is_unsubscribed_from_sms_channel_when_mobilephone_is_nulled_using_X_Ms_Update_header_with_value_update" time="0.0" classname="com.mPulse.testCases.AudienceUpdateAPITest">
    <ignored/>
  </testcase> <!-- Verify_that_member_is_unsubscribed_from_sms_channel_when_mobilephone_is_nulled_using_X_Ms_Update_header_with_value_update -->
  <testcase name="verify_that_member_can_be_created_with_all_7_types_of_encrypted_custom_fields" time="0.0" classname="com.mPulse.testCases.AudiencePostAPITest">
    <ignored/>
  </testcase> <!-- verify_that_member_can_be_created_with_all_7_types_of_encrypted_custom_fields -->
  <testcase name="Ensure_user_is_receiving_MT_with_spanish_characters" time="0.0" classname="com.mPulse.testCases.EnglishAndSpanishMTTest">
    <ignored/>
  </testcase> <!-- Ensure_user_is_receiving_MT_with_spanish_characters -->
  <testcase name="Verify_Member_Can_Be_Deleted_By_App_Member_Id" time="0.0" classname="com.mPulse.testCases.DeleteMemberAPITest">
    <ignored/>
  </testcase> <!-- Verify_Member_Can_Be_Deleted_By_App_Member_Id -->
  <testcase name="Verify_Two_Members_Can_Be_Deleted_By_Client_Member_ID" time="0.0" classname="com.mPulse.testCases.DeleteMemberAPITest">
    <ignored/>
  </testcase> <!-- Verify_Two_Members_Can_Be_Deleted_By_Client_Member_ID -->
  <testcase name="Verify_that_user_can_unsubscribe_existing_subscribed_member_in_sms_channel_using_X_Ms_Audience_Update_header_with_value_unsub" time="0.0" classname="com.mPulse.testCases.AudienceUnSubAPITest">
    <ignored/>
  </testcase> <!-- Verify_that_user_can_unsubscribe_existing_subscribed_member_in_sms_channel_using_X_Ms_Audience_Update_header_with_value_unsub -->
  <testcase name="Verify_Member_Can_Be_Deleted_By_Phone_Number" time="0.0" classname="com.mPulse.testCases.DeleteMemberAPITest">
    <ignored/>
  </testcase> <!-- Verify_Member_Can_Be_Deleted_By_Phone_Number -->
  <testcase name="Verify_that_member_must_get_in_pending_status_for_email_channel_if_using_X_Ms_List_Confirm_true_and_X_Ms_Audience_Update_header_with_value_sub" time="0.0" classname="com.mPulse.testCases.AudienceSubAPITest">
    <ignored/>
  </testcase> <!-- Verify_that_member_must_get_in_pending_status_for_email_channel_if_using_X_Ms_List_Confirm_true_and_X_Ms_Audience_Update_header_with_value_sub -->
  <testcase name="verify_that_the_new_valid_email_merge_with_existing_phone_number_member" time="0.0" classname="com.mPulse.testCases.MembersCSVUploadTest">
    <ignored/>
  </testcase> <!-- verify_that_the_new_valid_email_merge_with_existing_phone_number_member -->
  <testcase name="Verify_that_encrypted_custom_fields_of_a_member_could_be_updated_using_X_Ms_Audience_Update_header_with_value_upsert" time="0.0" classname="com.mPulse.testCases.AudienceUpsertAPITest">
    <ignored/>
  </testcase> <!-- Verify_that_encrypted_custom_fields_of_a_member_could_be_updated_using_X_Ms_Audience_Update_header_with_value_upsert -->
  <testcase name="Verify_that_user_should_create_new_member_by_only_giving_unique_app_member_id_in_a_request" time="0.0" classname="com.mPulse.testCases.AudiencePostAPITest">
    <ignored/>
  </testcase> <!-- Verify_that_user_should_create_new_member_by_only_giving_unique_app_member_id_in_a_request -->
  <testcase name="Verify_that_for_invalid_email_id_in_request_body_and_response_code_should_be_400_and_and_error_message_Invalid_parameter_value_when_using_X_Ms_Update_header_with_value_update" time="0.0" classname="com.mPulse.testCases.AudienceUpdateAPITest">
    <ignored/>
  </testcase> <!-- Verify_that_for_invalid_email_id_in_request_body_and_response_code_should_be_400_and_and_error_message_Invalid_parameter_value_when_using_X_Ms_Update_header_with_value_update -->
  <testcase name="verify_that_user_send_list_keyword_and_user_receive_confirmed_opt_in_AR" time="0.0" classname="com.mPulse.testCases.MOandARsTest">
    <ignored/>
  </testcase> <!-- verify_that_user_send_list_keyword_and_user_receive_confirmed_opt_in_AR -->
  <testcase name="verify_that_member_can_be_created_with_all_types_of_custom_field_using_X_Ms_Audience_Update_header_with_value_upsert" time="0.0" classname="com.mPulse.testCases.AudienceUpsertAPITest">
    <ignored/>
  </testcase> <!-- verify_that_member_can_be_created_with_all_types_of_custom_field_using_X_Ms_Audience_Update_header_with_value_upsert -->
  <testcase name="Verify_that_user_can_create_new_event_with_attribute_having_dynamic_value" time="0.0" classname="com.mPulse.testCases.EventUploadAPI_V2Test">
    <ignored/>
  </testcase> <!-- Verify_that_user_can_create_new_event_with_attribute_having_dynamic_value -->
  <testcase name="Verify_that_for_invalid_mobilephone_in_request_body_and_response_code_should_be_400_and_and_error_message_Invalid_parameter_value_when_using_X_Ms_Update_header_with_value_update" time="0.0" classname="com.mPulse.testCases.AudienceUpdateAPITest">
    <ignored/>
  </testcase> <!-- Verify_that_for_invalid_mobilephone_in_request_body_and_response_code_should_be_400_and_and_error_message_Invalid_parameter_value_when_using_X_Ms_Update_header_with_value_update -->
  <testcase name="Verify_that_member_should_be_added_and_subscribed_in_email_channel_in_the_respective_list_and_get_welcome_message_when_using_Send_Welcome_Message_header_in_the_respective_list_using_X_Ms_Audience_Update_header_with_value_upsert" time="0.0" classname="com.mPulse.testCases.AudienceUpsertAPITest">
    <ignored/>
  </testcase> <!-- Verify_that_member_should_be_added_and_subscribed_in_email_channel_in_the_respective_list_and_get_welcome_message_when_using_Send_Welcome_Message_header_in_the_respective_list_using_X_Ms_Audience_Update_header_with_value_upsert -->
  <testcase name="Verify_that_member_must_get_in_pending_status_when_trying_to_re_subscribe_existing_unsubscription_member_for_sms_channel_if_using_X_Ms_List_Confirm_true_and_X_Ms_Audience_Update_header_with_value_resub" time="0.0" classname="com.mPulse.testCases.AudienceReSubAPITest">
    <ignored/>
  </testcase> <!-- Verify_that_member_must_get_in_pending_status_when_trying_to_re_subscribe_existing_unsubscription_member_for_sms_channel_if_using_X_Ms_List_Confirm_true_and_X_Ms_Audience_Update_header_with_value_resub -->
  <testcase name="Verify_that_encrypted_custom_fields_of_a_member_could_be_updated_using_X_Ms_Update_header_with_value_update" time="0.0" classname="com.mPulse.testCases.AudienceUpdateAPITest">
    <ignored/>
  </testcase> <!-- Verify_that_encrypted_custom_fields_of_a_member_could_be_updated_using_X_Ms_Update_header_with_value_update -->
  <testcase name="verify_that_user_send_yes_user_gets_subscribed_and_receive_welcome_AR" time="0.0" classname="com.mPulse.testCases.MOandARsTest">
    <ignored/>
  </testcase> <!-- verify_that_user_send_yes_user_gets_subscribed_and_receive_welcome_AR -->
  <testcase name="@AfterSuite endSuite" time="0.0" classname="com.mPulse.testCases.BaseTest">
    <ignored/>
  </testcase> <!-- @AfterSuite endSuite -->
  <testcase name="@AfterSuite endSuite" time="0.0" classname="com.mPulse.testCases.BaseTest">
    <ignored/>
  </testcase> <!-- @AfterSuite endSuite -->
  <testcase name="Verify_links_with_http_and_https_types" time="0.0" classname="com.mPulse.testCases.SMSLinkTrackingTest">
    <ignored/>
  </testcase> <!-- Verify_links_with_http_and_https_types -->
  <testcase name="@AfterSuite endSuite" time="0.0" classname="com.mPulse.testCases.BaseTest">
    <ignored/>
  </testcase> <!-- @AfterSuite endSuite -->
  <testcase name="@AfterSuite endSuite" time="0.0" classname="com.mPulse.testCases.BaseTest">
    <ignored/>
  </testcase> <!-- @AfterSuite endSuite -->
  <testcase name="@AfterSuite endSuite" time="0.0" classname="com.mPulse.testCases.BaseTest">
    <ignored/>
  </testcase> <!-- @AfterSuite endSuite -->
  <testcase name="@AfterSuite endSuite" time="0.0" classname="com.mPulse.testCases.BaseTest">
    <ignored/>
  </testcase> <!-- @AfterSuite endSuite -->
  <testcase name="@AfterSuite endSuite" time="0.0" classname="com.mPulse.testCases.BaseTest">
    <ignored/>
  </testcase> <!-- @AfterSuite endSuite -->
  <testcase name="@AfterSuite endSuite" time="0.0" classname="com.mPulse.testCases.BaseTest">
    <ignored/>
  </testcase> <!-- @AfterSuite endSuite -->
  <testcase name="@AfterSuite endSuite" time="0.0" classname="com.mPulse.testCases.BaseTest">
    <ignored/>
  </testcase> <!-- @AfterSuite endSuite -->
  <testcase name="@AfterSuite endSuite" time="0.0" classname="com.mPulse.testCases.BaseTest">
    <ignored/>
  </testcase> <!-- @AfterSuite endSuite -->
  <testcase name="@AfterSuite endSuite" time="0.0" classname="com.mPulse.testCases.BaseTest">
    <ignored/>
  </testcase> <!-- @AfterSuite endSuite -->
  <testcase name="@AfterSuite endSuite" time="0.0" classname="com.mPulse.testCases.BaseTest">
    <ignored/>
  </testcase> <!-- @AfterSuite endSuite -->
  <testcase name="@AfterSuite endSuite" time="0.0" classname="com.mPulse.testCases.BaseTest">
    <ignored/>
  </testcase> <!-- @AfterSuite endSuite -->
  <testcase name="@AfterSuite endSuite" time="0.0" classname="com.mPulse.testCases.BaseTest">
    <ignored/>
  </testcase> <!-- @AfterSuite endSuite -->
  <testcase name="Verify_that_user_get_error_message_if_trying_to_re_subscribe_existing_subscription_pending_member_in_same_list_using_X_Ms_Audience_Update_header_with_value_resub" time="0.0" classname="com.mPulse.testCases.AudienceReSubAPITest">
    <ignored/>
  </testcase> <!-- Verify_that_user_get_error_message_if_trying_to_re_subscribe_existing_subscription_pending_member_in_same_list_using_X_Ms_Audience_Update_header_with_value_resub -->
  <testcase name="verify_that_the_new_valid_phone_number_merge_with_existing_email_member" time="0.0" classname="com.mPulse.testCases.MembersCSVUploadTest">
    <ignored/>
  </testcase> <!-- verify_that_the_new_valid_phone_number_merge_with_existing_email_member -->
  <testcase name="Verify_that_fields_not_included_in_the_request_should_not_update_to_null_when_using_X_Ms_Update_included_fields_only_header" time="0.0" classname="com.mPulse.testCases.AudienceUpdateAPITest">
    <ignored/>
  </testcase> <!-- Verify_that_fields_not_included_in_the_request_should_not_update_to_null_when_using_X_Ms_Update_included_fields_only_header -->
  <testcase name="Verify_error_response_when_user_try_to_subscribe_member_in_sms_channel_with_phone_number_and_list_not_support_sms_channel" time="0.0" classname="com.mPulse.testCases.AudiencePostAPITest">
    <ignored/>
  </testcase> <!-- Verify_error_response_when_user_try_to_subscribe_member_in_sms_channel_with_phone_number_and_list_not_support_sms_channel -->
  <testcase name="Verify_audience_API_data_writes_on_api_request_log_table_when_using_X_Ms_Audience_Update_header_with_value_upsert" time="0.0" classname="com.mPulse.testCases.AudienceUpsertAPITest">
    <ignored/>
  </testcase> <!-- Verify_audience_API_data_writes_on_api_request_log_table_when_using_X_Ms_Audience_Update_header_with_value_upsert -->
  <testcase name="Verify_that_message_must_not_fire_when_user_remove_existing_member_from_the_segment_and_fire_date_trigger" time="0.0" classname="com.mPulse.testCases.SegmentProfileDateTriggerTest">
    <ignored/>
  </testcase> <!-- Verify_that_message_must_not_fire_when_user_remove_existing_member_from_the_segment_and_fire_date_trigger -->
  <testcase name="Verify_that_event_upload_API_is_working_for_more_than_5_members_in_single_request" time="0.0" classname="com.mPulse.testCases.EventUploadAPI_V2Test">
    <ignored/>
  </testcase> <!-- Verify_that_event_upload_API_is_working_for_more_than_5_members_in_single_request -->
  <testcase name="Verify_that_the_user_can_give_mapid_in_the_API_request" time="0.0" classname="com.mPulse.testCases.AudiencePostAPITest">
    <ignored/>
  </testcase> <!-- Verify_that_the_user_can_give_mapid_in_the_API_request -->
  <testcase name="Verify_that_user_can_update_event_callback_from_JSON_to_XML_or_XML_to_JSON" time="0.0" classname="com.mPulse.testCases.EventUploadAPI_V2Test">
    <ignored/>
  </testcase> <!-- Verify_that_user_can_update_event_callback_from_JSON_to_XML_or_XML_to_JSON -->
  <testcase name="Verify_error_response_when_list_id_missing_and_user_try_to_subscribe_member_in_sms_channel" time="0.0" classname="com.mPulse.testCases.AudiencePostAPITest">
    <ignored/>
  </testcase> <!-- Verify_error_response_when_list_id_missing_and_user_try_to_subscribe_member_in_sms_channel -->
  <testcase name="verify_that_welcome_message_is_received_for_SMS_on_joining_the_list_from_CSV_import" time="0.0" classname="com.mPulse.testCases.MembersCSVUploadTest">
    <ignored/>
  </testcase> <!-- verify_that_welcome_message_is_received_for_SMS_on_joining_the_list_from_CSV_import -->
  <testcase name="verify_that_Unsubscribe_Link_in_Email_is_working" time="0.0" classname="com.mPulse.testCases.MembersCSVUploadTest">
    <ignored/>
  </testcase> <!-- verify_that_Unsubscribe_Link_in_Email_is_working -->
  <testcase name="Verify_that_message_must_not_fire_when_user_remove_existing_member_from_segment_and_fire_profile_trigger" time="0.0" classname="com.mPulse.testCases.SegmentProfileDateTriggerTest">
    <ignored/>
  </testcase> <!-- Verify_that_message_must_not_fire_when_user_remove_existing_member_from_segment_and_fire_profile_trigger -->
  <testcase name="Verify_that_user_can_unsubscribe_existing_subscribed_member_in_all_channels_in_single_request_using_X_Ms_Audience_Update_header_with_value_unsub" time="0.0" classname="com.mPulse.testCases.AudienceUnSubAPITest">
    <ignored/>
  </testcase> <!-- Verify_that_user_can_unsubscribe_existing_subscribed_member_in_all_channels_in_single_request_using_X_Ms_Audience_Update_header_with_value_unsub -->
  <testcase name="Verify_Two_Members_Can_Be_Deleted_By_Phone_Number" time="0.0" classname="com.mPulse.testCases.DeleteMemberAPITest">
    <ignored/>
  </testcase> <!-- Verify_Two_Members_Can_Be_Deleted_By_Phone_Number -->
  <testcase name="verify_that_confirm_opt_in_message_is_received_on_CSV_import_for_Email" time="0.0" classname="com.mPulse.testCases.MembersCSVUploadTest">
    <ignored/>
  </testcase> <!-- verify_that_confirm_opt_in_message_is_received_on_CSV_import_for_Email -->
  <testcase name="Verify_that_user_get_External_MO_callback_in_json_when_user_reply_on_event_message" time="0.0" classname="com.mPulse.testCases.EventUploadAPI_V2Test">
    <ignored/>
  </testcase> <!-- Verify_that_user_get_External_MO_callback_in_json_when_user_reply_on_event_message -->
  <testcase name="Verfiy_if_custom_field_has_a_link_in_it_and_used_as_token" time="0.0" classname="com.mPulse.testCases.SMSLinkTrackingTest">
    <ignored/>
  </testcase> <!-- Verfiy_if_custom_field_has_a_link_in_it_and_used_as_token -->
  <testcase name="Verify_that_user_can_not_subscribe_existing_member_for_first_time_in_a_list_in_email_channel_using_X_Ms_Audience_Update_header_with_value_resub" time="0.0" classname="com.mPulse.testCases.AudienceReSubAPITest">
    <ignored/>
  </testcase> <!-- Verify_that_user_can_not_subscribe_existing_member_for_first_time_in_a_list_in_email_channel_using_X_Ms_Audience_Update_header_with_value_resub -->
  <testcase name="Verify_Two_Members_Can_Be_Deleted_By_Mobile_Phone_And_Email" time="0.0" classname="com.mPulse.testCases.DeleteMemberAPITest">
    <ignored/>
  </testcase> <!-- Verify_Two_Members_Can_Be_Deleted_By_Mobile_Phone_And_Email -->
  <testcase name="verify_that_user_send_help_MO_after_subscription_in_list_and_user_receive_list_help_AR" time="0.0" classname="com.mPulse.testCases.MOandARsTest">
    <ignored/>
  </testcase> <!-- verify_that_user_send_help_MO_after_subscription_in_list_and_user_receive_list_help_AR -->
  <testcase name="Verify_error_response_when_user_try_to_subscribe_member_in_sms_channel_with_phone_number_and_list_not_support_sms_channel" time="0.0" classname="com.mPulse.testCases.AudienceUpsertAPITest">
    <ignored/>
  </testcase> <!-- Verify_error_response_when_user_try_to_subscribe_member_in_sms_channel_with_phone_number_and_list_not_support_sms_channel -->
  <testcase name="Verify_that_URLs_containing_percentile_sign_should_work_properly_when_shortened" time="0.0" classname="com.mPulse.testCases.SMSLinkTrackingTest">
    <ignored/>
  </testcase> <!-- Verify_that_URLs_containing_percentile_sign_should_work_properly_when_shortened -->
  <testcase name="verify_that_member_can_be_created_with_all_7_types_of_encrypted_custom_fields_using_X_Ms_Audience_Update_header_with_value_upsert" time="0.0" classname="com.mPulse.testCases.AudienceUpsertAPITest">
    <ignored/>
  </testcase> <!-- verify_that_member_can_be_created_with_all_7_types_of_encrypted_custom_fields_using_X_Ms_Audience_Update_header_with_value_upsert -->
  <testcase name="Verify_error_response_when_list_id_missing_and_user_try_to_subscribe_member_in_sms_channel" time="0.0" classname="com.mPulse.testCases.AudienceUpsertAPITest">
    <ignored/>
  </testcase> <!-- Verify_error_response_when_list_id_missing_and_user_try_to_subscribe_member_in_sms_channel -->
  <testcase name="Verify_Two_Members_Can_Be_Deleted_By_Member_Id" time="0.0" classname="com.mPulse.testCases.DeleteMemberAPITest">
    <ignored/>
  </testcase> <!-- Verify_Two_Members_Can_Be_Deleted_By_Member_Id -->
  <testcase name="Verify_that_user_can_compose_campaign_with_having_multi_segment_and_apply_profile_trigger" time="0.0" classname="com.mPulse.testCases.MultiSegmentProfileDateTriggerTest">
    <ignored/>
  </testcase> <!-- Verify_that_user_can_compose_campaign_with_having_multi_segment_and_apply_profile_trigger -->
  <testcase name="Verify_user_can_create_email_message_with_link_shortening_option" time="0.0" classname="com.mPulse.testCases.SMSLinkTrackingTest">
    <ignored/>
  </testcase> <!-- Verify_user_can_create_email_message_with_link_shortening_option -->
  <testcase name="Verify_that_member_should_not_create_without_giving_any_identifier" time="0.0" classname="com.mPulse.testCases.AudiencePostAPITest">
    <ignored/>
  </testcase> <!-- Verify_that_member_should_not_create_without_giving_any_identifier -->
  <testcase name="Verify_that_member_must_get_welcome_message_for_sms_channel_if_using_Send_Welcome_Message_true_and_X_Ms_Audience_Update_header_with_value_sub" time="0.0" classname="com.mPulse.testCases.AudienceSubAPITest">
    <ignored/>
  </testcase> <!-- Verify_that_member_must_get_welcome_message_for_sms_channel_if_using_Send_Welcome_Message_true_and_X_Ms_Audience_Update_header_with_value_sub -->
  <testcase name="Verify_Two_Members_Can_Be_Deleted_By_Member_ID_and_Phone_Number" time="0.0" classname="com.mPulse.testCases.DeleteMemberAPITest">
    <ignored/>
  </testcase> <!-- Verify_Two_Members_Can_Be_Deleted_By_Member_ID_and_Phone_Number -->
  <testcase name="Verify_that_for_invalid_mobilephone_in_request_body_and_response_code_should_be_400_and_and_error_message_Invalid_parameter_value_when_using_X_Ms_Audience_Update_header_with_value_upsert" time="0.0" classname="com.mPulse.testCases.AudienceUpsertAPITest">
    <ignored/>
  </testcase> <!-- Verify_that_for_invalid_mobilephone_in_request_body_and_response_code_should_be_400_and_and_error_message_Invalid_parameter_value_when_using_X_Ms_Audience_Update_header_with_value_upsert -->
  <testcase name="Verify_subscription_preferences_deeplink_feature_for_SMS" time="0.0" classname="com.mPulse.testCases.SMSLinkTrackingTest">
    <ignored/>
  </testcase> <!-- Verify_subscription_preferences_deeplink_feature_for_SMS -->
  <testcase name="Verify_that_using_all_identifiers_in_a_single_request_and_if_one_or_more_identifiers_are_invalid_and_then_request_marked_as_failed_and_response_code_is_400" time="0.0" classname="com.mPulse.testCases.AudienceUpdateAPITest">
    <ignored/>
  </testcase> <!-- Verify_that_using_all_identifiers_in_a_single_request_and_if_one_or_more_identifiers_are_invalid_and_then_request_marked_as_failed_and_response_code_is_400 -->
  <testcase name="Verify_that_message_must_not_fire_to_member_not_in_the_composite_segment_but_in_the_list" time="0.0" classname="com.mPulse.testCases.MultiSegmentProfileDateTriggerTest">
    <ignored/>
  </testcase> <!-- Verify_that_message_must_not_fire_to_member_not_in_the_composite_segment_but_in_the_list -->
  <testcase name="Verify_that_user_can_subscribe_existing_member_in_a_list_by_using_Ignore_Error_For_Existing_Members_header" time="0.0" classname="com.mPulse.testCases.AudiencePostAPITest">
    <ignored/>
  </testcase> <!-- Verify_that_user_can_subscribe_existing_member_in_a_list_by_using_Ignore_Error_For_Existing_Members_header -->
  <testcase name="verify_that_User_Can_Mapp_All_Fields_using_comma_delimited_CSV" time="0.0" classname="com.mPulse.testCases.MembersCSVUploadTest">
    <ignored/>
  </testcase> <!-- verify_that_User_Can_Mapp_All_Fields_using_comma_delimited_CSV -->
  <testcase name="Verify_that_standard_fields_of_a_member_could_be_updated_using_X_Ms_Update_header_with_value_update" time="0.0" classname="com.mPulse.testCases.AudienceUpdateAPITest">
    <ignored/>
  </testcase> <!-- Verify_that_standard_fields_of_a_member_could_be_updated_using_X_Ms_Update_header_with_value_update -->
  <testcase name="Verify_that_message_must_fire_when_user_add_member_to_the_composite_segment_and_fire_profile_trigger" time="0.0" classname="com.mPulse.testCases.MultiSegmentProfileDateTriggerTest">
    <ignored/>
  </testcase> <!-- Verify_that_message_must_fire_when_user_add_member_to_the_composite_segment_and_fire_profile_trigger -->
  <testcase name="Verify_that_user_get_External_MO_callback_in_xml_when_user_reply_on_event_message" time="0.0" classname="com.mPulse.testCases.EventUploadAPI_V2Test">
    <ignored/>
  </testcase> <!-- Verify_that_user_get_External_MO_callback_in_xml_when_user_reply_on_event_message -->
  <testcase name="Verify_that_for_invalid_email_id_in_the_request_body_the_response_code_should_be_400_and_error_message_Invalid_parameter_value" time="0.0" classname="com.mPulse.testCases.AudiencePostAPITest">
    <ignored/>
  </testcase> <!-- Verify_that_for_invalid_email_id_in_the_request_body_the_response_code_should_be_400_and_error_message_Invalid_parameter_value -->
  <testcase name="Verify_VCF_Card_Feature" time="0.0" classname="com.mPulse.testCases.SMSLinkTrackingTest">
    <ignored/>
  </testcase> <!-- Verify_VCF_Card_Feature -->
  <testcase name="verify_that_user_receive_MT_on_profile_update_by_OM_if_have_profile_trigger" time="0.0" classname="com.mPulse.testCases.MOandARsTest">
    <ignored/>
  </testcase> <!-- verify_that_user_receive_MT_on_profile_update_by_OM_if_have_profile_trigger -->
  <testcase name="Ensure_Message_API_is_working_with_english_content" time="0.0" classname="com.mPulse.testCases.EnglishAndSpanishMTTest">
    <ignored/>
  </testcase> <!-- Ensure_Message_API_is_working_with_english_content -->
  <testcase name="Verify_that_member_should_be_added_and_subscribed_in_sms_channel_in_the_respective_list_and_get_welcome_message_when_using_Send_Welcome_Message_header_in_the_respective_list" time="0.0" classname="com.mPulse.testCases.AudiencePostAPITest">
    <ignored/>
  </testcase> <!-- Verify_that_member_should_be_added_and_subscribed_in_sms_channel_in_the_respective_list_and_get_welcome_message_when_using_Send_Welcome_Message_header_in_the_respective_list -->
  <testcase name="Verify_API_request_should_only_accessible_through_valid_basic_authorization_for_not_valid_authorization_response_code_should_be_403" time="0.0" classname="com.mPulse.testCases.AudienceUpsertAPITest">
    <ignored/>
  </testcase> <!-- Verify_API_request_should_only_accessible_through_valid_basic_authorization_for_not_valid_authorization_response_code_should_be_403 -->
  <testcase name="Verify_that_message_must_fire_when_user_add_member_to_the_segment_and_fire_date_trigger" time="0.0" classname="com.mPulse.testCases.SegmentProfileDateTriggerTest">
    <ignored/>
  </testcase> <!-- Verify_that_message_must_fire_when_user_add_member_to_the_segment_and_fire_date_trigger -->
  <testcase name="Verify_that_user_can_re_subscribe_existing_unsubscribed_member_in_all_channel_in_one_request_using_X_Ms_Audience_Update_header_with_value_resub" time="0.0" classname="com.mPulse.testCases.AudienceReSubAPITest">
    <ignored/>
  </testcase> <!-- Verify_that_user_can_re_subscribe_existing_unsubscribed_member_in_all_channel_in_one_request_using_X_Ms_Audience_Update_header_with_value_resub -->
  <testcase name="Verify_sending_MO_with_160_and_more_characters_from_mo_hit_api" time="0.0" classname="com.mPulse.testCases.EnglishAndSpanishMTTest">
    <ignored/>
  </testcase> <!-- Verify_sending_MO_with_160_and_more_characters_from_mo_hit_api -->
  <testcase name="Verify_user_can_click_on_links_recieved_at_sms_devices" time="0.0" classname="com.mPulse.testCases.SMSLinkTrackingTest">
    <ignored/>
  </testcase> <!-- Verify_user_can_click_on_links_recieved_at_sms_devices -->
  <testcase name="Verify_that_member_should_be_added_in_sms_pending_state_in_the_respective_list_and_get_confirm_opt_in_message_when_using_X_Ms_List_Confirm_header" time="0.0" classname="com.mPulse.testCases.AudiencePostAPITest">
    <ignored/>
  </testcase> <!-- Verify_that_member_should_be_added_in_sms_pending_state_in_the_respective_list_and_get_confirm_opt_in_message_when_using_X_Ms_List_Confirm_header -->
  <testcase name="Verify_that_message_must_not_fire_to_member_not_in_the_segment_but_in_the_list" time="0.0" classname="com.mPulse.testCases.SegmentProfileDateTriggerTest">
    <ignored/>
  </testcase> <!-- Verify_that_message_must_not_fire_to_member_not_in_the_segment_but_in_the_list -->
  <testcase name="Verify_that_message_must_not_fire_when_user_remove_existing_member_from_composite_segment_and_fire_profile_trigger" time="0.0" classname="com.mPulse.testCases.MultiSegmentProfileDateTriggerTest">
    <ignored/>
  </testcase> <!-- Verify_that_message_must_not_fire_when_user_remove_existing_member_from_composite_segment_and_fire_profile_trigger -->
  <testcase name="Verify_that_member_is_unsubscribed_from_email_channel_when_email_is_nulled_using_X_Ms_Audience_Update_header_with_value_upsert" time="0.0" classname="com.mPulse.testCases.AudienceUpsertAPITest">
    <ignored/>
  </testcase> <!-- Verify_that_member_is_unsubscribed_from_email_channel_when_email_is_nulled_using_X_Ms_Audience_Update_header_with_value_upsert -->
  <testcase name="createNewMember" time="0.0" classname="com.mPulse.testCases.MemberApiTest">
    <ignored/>
  </testcase> <!-- createNewMember -->
  <testcase name="verify_that_member_can_be_created_with_all_types_of_custom_field" time="0.0" classname="com.mPulse.testCases.AudiencePostAPITest">
    <ignored/>
  </testcase> <!-- verify_that_member_can_be_created_with_all_types_of_custom_field -->
  <testcase name="verify_that_welcome_message_is_received_for_EMAIL_on_joining_the_list_from_CSV_import" time="0.0" classname="com.mPulse.testCases.MembersCSVUploadTest">
    <ignored/>
  </testcase> <!-- verify_that_welcome_message_is_received_for_EMAIL_on_joining_the_list_from_CSV_import -->
  <testcase name="Verify_that_trailing_slashes_should_work_properly_in_URLs_when_shortened" time="0.0" classname="com.mPulse.testCases.SMSLinkTrackingTest">
    <ignored/>
  </testcase> <!-- Verify_that_trailing_slashes_should_work_properly_in_URLs_when_shortened -->
  <testcase name="Verify_that_user_can_update_existing_member_identifier_using_X_Ms_Audience_Update_header_with_value_upsert" time="0.0" classname="com.mPulse.testCases.AudienceUpsertAPITest">
    <ignored/>
  </testcase> <!-- Verify_that_user_can_update_existing_member_identifier_using_X_Ms_Audience_Update_header_with_value_upsert -->
  <testcase name="Verify_that_custom_fields_of_a_member_could_be_updated_using_X_Ms_Audience_Update_header_with_value_upsert" time="0.0" classname="com.mPulse.testCases.AudienceUpsertAPITest">
    <ignored/>
  </testcase> <!-- Verify_that_custom_fields_of_a_member_could_be_updated_using_X_Ms_Audience_Update_header_with_value_upsert -->
  <testcase name="getMemberData" time="0.0" classname="com.mPulse.testCases.MemberApiTest">
    <ignored/>
  </testcase> <!-- getMemberData -->
  <testcase name="Verify_that_user_get_error_message_if_trying_to_re_subscribe_existing_subscribed_member_in_same_list_using_X_Ms_Audience_Update_header_with_value_resub" time="0.0" classname="com.mPulse.testCases.AudienceReSubAPITest">
    <ignored/>
  </testcase> <!-- Verify_that_user_get_error_message_if_trying_to_re_subscribe_existing_subscribed_member_in_same_list_using_X_Ms_Audience_Update_header_with_value_resub -->
  <testcase name="testdemo" time="0.0" classname="com.mPulse.testCases.GridDemo">
    <ignored/>
  </testcase> <!-- testdemo -->
  <testcase name="Verify_that_user_can_not_resubscribe_existing_member_in_a_list_by_using_Ignore_Error_For_Existing_Members_header" time="0.0" classname="com.mPulse.testCases.AudiencePostAPITest">
    <ignored/>
  </testcase> <!-- Verify_that_user_can_not_resubscribe_existing_member_in_a_list_by_using_Ignore_Error_For_Existing_Members_header -->
  <testcase name="Verify_Two_Members_Can_Be_Deleted_By_Member_ID_and_Email" time="0.0" classname="com.mPulse.testCases.DeleteMemberAPITest">
    <ignored/>
  </testcase> <!-- Verify_Two_Members_Can_Be_Deleted_By_Member_ID_and_Email -->
  <testcase name="Verify_that_user_can_unsubscribe_existing_subscribed_member_in_email_channel_using_X_Ms_Audience_Update_header_with_value_unsub" time="0.0" classname="com.mPulse.testCases.AudienceUnSubAPITest">
    <ignored/>
  </testcase> <!-- Verify_that_user_can_unsubscribe_existing_subscribed_member_in_email_channel_using_X_Ms_Audience_Update_header_with_value_unsub -->
  <testcase name="Verify_that_user_can_compose_campaign_with_having_composite_segment_and_apply_date_trigger" time="0.0" classname="com.mPulse.testCases.MultiSegmentProfileDateTriggerTest">
    <ignored/>
  </testcase> <!-- Verify_that_user_can_compose_campaign_with_having_composite_segment_and_apply_date_trigger -->
  <testcase name="Verify_that_user_cannot_update_existing_member_identifier_using_Ignore_Error_For_Existing_Members_header" time="0.0" classname="com.mPulse.testCases.AudiencePostAPITest">
    <ignored/>
  </testcase> <!-- Verify_that_user_cannot_update_existing_member_identifier_using_Ignore_Error_For_Existing_Members_header -->
  <testcase name="verify_that_member_should_create_by_giving_all_valid_identifiers_at_once" time="0.0" classname="com.mPulse.testCases.AudiencePostAPITest">
    <ignored/>
  </testcase> <!-- verify_that_member_should_create_by_giving_all_valid_identifiers_at_once -->
  <testcase name="verify_that_the_new_valid_phone_number_merge_with_existing_appmail_member" time="0.0" classname="com.mPulse.testCases.MembersCSVUploadTest">
    <ignored/>
  </testcase> <!-- verify_that_the_new_valid_phone_number_merge_with_existing_appmail_member -->
  <testcase name="Verify_error_response_when_user_try_to_add_member_with_email_and_list_not_support_email_channel" time="0.0" classname="com.mPulse.testCases.AudiencePostAPITest">
    <ignored/>
  </testcase> <!-- Verify_error_response_when_user_try_to_add_member_with_email_and_list_not_support_email_channel -->
  <testcase name="verify_that_confirm_opt_in_message_is_received_on_CSV_import_for_SMS" time="0.0" classname="com.mPulse.testCases.MembersCSVUploadTest">
    <ignored/>
  </testcase> <!-- verify_that_confirm_opt_in_message_is_received_on_CSV_import_for_SMS -->
  <testcase name="Verify_Two_Members_Can_Be_Deleted_By_App_Member_ID" time="0.0" classname="com.mPulse.testCases.DeleteMemberAPITest">
    <ignored/>
  </testcase> <!-- Verify_Two_Members_Can_Be_Deleted_By_App_Member_ID -->
  <testcase name="Verify_that_user_can_not_delete_event_if_used_in_any_active_campaign" time="0.0" classname="com.mPulse.testCases.EventUploadAPI_V2Test">
    <ignored/>
  </testcase> <!-- Verify_that_user_can_not_delete_event_if_used_in_any_active_campaign -->
  <testcase name="Verify_Two_Members_Can_Be_Deleted_By_Email_And_App_Member_Id" time="0.0" classname="com.mPulse.testCases.DeleteMemberAPITest">
    <ignored/>
  </testcase> <!-- Verify_Two_Members_Can_Be_Deleted_By_Email_And_App_Member_Id -->
  <testcase name="Verify_Member_Can_Be_Deleted_By_Member_Id" time="0.0" classname="com.mPulse.testCases.DeleteMemberAPITest">
    <ignored/>
  </testcase> <!-- Verify_Member_Can_Be_Deleted_By_Member_Id -->
  <testcase name="Verify_that_user_can_re_subscribe_already_unsubscribed_member_in_a_list_in_email_channel_using_X_Ms_Audience_Update_header_with_value_resub" time="0.0" classname="com.mPulse.testCases.AudienceReSubAPITest">
    <ignored/>
  </testcase> <!-- Verify_that_user_can_re_subscribe_already_unsubscribed_member_in_a_list_in_email_channel_using_X_Ms_Audience_Update_header_with_value_resub -->
  <testcase name="Verify_that_user_should_create_new_member_by_giving_client_member_id_with_app_member_id_in_a_request_using_X_Ms_Audience_Update_header_with_value_upsert" time="0.0" classname="com.mPulse.testCases.AudienceUpsertAPITest">
    <ignored/>
  </testcase> <!-- Verify_that_user_should_create_new_member_by_giving_client_member_id_with_app_member_id_in_a_request_using_X_Ms_Audience_Update_header_with_value_upsert -->
  <testcase name="Verify_that_Custom_event_trigger_should_not_fire_when_attribute_value_not_same_as_in_event_trigger_using_evaluation_scope_with_rule" time="0.0" classname="com.mPulse.testCases.EventUploadAPI_V2Test">
    <ignored/>
  </testcase> <!-- Verify_that_Custom_event_trigger_should_not_fire_when_attribute_value_not_same_as_in_event_trigger_using_evaluation_scope_with_rule -->
  <testcase name="@BeforeTest startTest" time="0.0" classname="com.mPulse.testCases.BaseTest">
    <ignored/>
  </testcase> <!-- @BeforeTest startTest -->
  <testcase name="@BeforeTest startTest" time="0.0" classname="com.mPulse.testCases.BaseTest">
    <ignored/>
  </testcase> <!-- @BeforeTest startTest -->
  <testcase name="@BeforeTest startTest" time="0.0" classname="com.mPulse.testCases.BaseTest">
    <ignored/>
  </testcase> <!-- @BeforeTest startTest -->
  <testcase name="@BeforeTest startTest" time="0.0" classname="com.mPulse.testCases.BaseTest">
    <ignored/>
  </testcase> <!-- @BeforeTest startTest -->
  <testcase name="@BeforeTest startTest" time="0.0" classname="com.mPulse.testCases.BaseTest">
    <ignored/>
  </testcase> <!-- @BeforeTest startTest -->
  <testcase name="@BeforeTest startTest" time="0.0" classname="com.mPulse.testCases.BaseTest">
    <ignored/>
  </testcase> <!-- @BeforeTest startTest -->
  <testcase name="@BeforeTest startTest" time="0.0" classname="com.mPulse.testCases.BaseTest">
    <ignored/>
  </testcase> <!-- @BeforeTest startTest -->
  <testcase name="@BeforeTest startTest" time="0.0" classname="com.mPulse.testCases.BaseTest">
    <ignored/>
  </testcase> <!-- @BeforeTest startTest -->
  <testcase name="@BeforeTest startTest" time="0.0" classname="com.mPulse.testCases.BaseTest">
    <ignored/>
  </testcase> <!-- @BeforeTest startTest -->
  <testcase name="@BeforeTest startTest" time="0.0" classname="com.mPulse.testCases.BaseTest">
    <ignored/>
  </testcase> <!-- @BeforeTest startTest -->
  <testcase name="@BeforeTest startTest" time="0.0" classname="com.mPulse.testCases.BaseTest">
    <ignored/>
  </testcase> <!-- @BeforeTest startTest -->
  <testcase name="@BeforeTest startTest" time="0.0" classname="com.mPulse.testCases.BaseTest">
    <ignored/>
  </testcase> <!-- @BeforeTest startTest -->
  <testcase name="@BeforeTest startTest" time="0.0" classname="com.mPulse.testCases.BaseTest">
    <ignored/>
  </testcase> <!-- @BeforeTest startTest -->
  <testcase name="@BeforeTest startTest" time="0.0" classname="com.mPulse.testCases.BaseTest">
    <ignored/>
  </testcase> <!-- @BeforeTest startTest -->
  <testcase name="VerifyDeletedMemberInfoInAudienceMemberDeletedDB" time="0.0" classname="com.mPulse.testCases.DeleteMemberAPITest">
    <ignored/>
  </testcase> <!-- VerifyDeletedMemberInfoInAudienceMemberDeletedDB -->
  <testcase name="Verify_that_Custom_event_trigger_should_fire_for_evaluation_scope_with_rule" time="0.0" classname="com.mPulse.testCases.EventUploadAPI_V2Test">
    <ignored/>
  </testcase> <!-- Verify_that_Custom_event_trigger_should_fire_for_evaluation_scope_with_rule -->
  <testcase name="Verify_that_member_should_not_create_without_giving_any_identifier_using_X_Ms_Audience_Update_header_with_value_upsert" time="0.0" classname="com.mPulse.testCases.AudienceUpsertAPITest">
    <ignored/>
  </testcase> <!-- Verify_that_member_should_not_create_without_giving_any_identifier_using_X_Ms_Audience_Update_header_with_value_upsert -->
  <testcase name="Verify_that_X_Ms_Force_Subscribe_Member_header_should_not_force_subscribe_alredy_unsubscribed_member_in_list" time="0.0" classname="com.mPulse.testCases.AudienceSubAPITest">
    <ignored/>
  </testcase> <!-- Verify_that_X_Ms_Force_Subscribe_Member_header_should_not_force_subscribe_alredy_unsubscribed_member_in_list -->
  <testcase name="Verify_that_Custom_event_trigger_should_fire_for_evaluation_scope_all" time="0.0" classname="com.mPulse.testCases.EventUploadAPI_V2Test">
    <ignored/>
  </testcase> <!-- Verify_that_Custom_event_trigger_should_fire_for_evaluation_scope_all -->
  <testcase name="verify_that_welcome_message_is_received_for_EMAIL_on_joining_the_list_from_CSV_import_using_pipe_delimiter_CSV" time="0.0" classname="com.mPulse.testCases.MembersCSVUploadTest">
    <ignored/>
  </testcase> <!-- verify_that_welcome_message_is_received_for_EMAIL_on_joining_the_list_from_CSV_import_using_pipe_delimiter_CSV -->
  <testcase name="Verify_that_user_can_unsubscribe_existing_subscribed_member_in_appmail_channel_using_X_Ms_Audience_Update_header_with_value_unsub" time="0.0" classname="com.mPulse.testCases.AudienceUnSubAPITest">
    <ignored/>
  </testcase> <!-- Verify_that_user_can_unsubscribe_existing_subscribed_member_in_appmail_channel_using_X_Ms_Audience_Update_header_with_value_unsub -->
  <testcase name="Verify_user_can_create_sms_message_with_link_shortening_option" time="0.0" classname="com.mPulse.testCases.SMSLinkTrackingTest">
    <ignored/>
  </testcase> <!-- Verify_user_can_create_sms_message_with_link_shortening_option -->
  <testcase name="Verify_that_when_using_all_identifiers_in_a_single_request_if_one_or_more_identifiers_are_invalid_then_request_marked_as_failed_and_the_response_code_should_be_400_using_X_Ms_Audience_Update_header_with_value_upsert" time="0.0" classname="com.mPulse.testCases.AudienceUpsertAPITest">
    <ignored/>
  </testcase> <!-- Verify_that_when_using_all_identifiers_in_a_single_request_if_one_or_more_identifiers_are_invalid_then_request_marked_as_failed_and_the_response_code_should_be_400_using_X_Ms_Audience_Update_header_with_value_upsert -->
  <testcase name="Verify_that_user_can_create_segment_with_custom_and_standard_field" time="0.0" classname="com.mPulse.testCases.SegmentProfileDateTriggerTest">
    <ignored/>
  </testcase> <!-- Verify_that_user_can_create_segment_with_custom_and_standard_field -->
  <testcase name="Verify_that_Custom_event_trigger_should_not_fire_if_required_attribute_is_missing" time="0.0" classname="com.mPulse.testCases.EventUploadAPI_V2Test">
    <ignored/>
  </testcase> <!-- Verify_that_Custom_event_trigger_should_not_fire_if_required_attribute_is_missing -->
  <testcase name="Verify_that_user_can_not_subscribe_existing_member_for_first_time_in_a_list_in_appmail_channel_using_X_Ms_Audience_Update_header_with_value_resub" time="0.0" classname="com.mPulse.testCases.AudienceReSubAPITest">
    <ignored/>
  </testcase> <!-- Verify_that_user_can_not_subscribe_existing_member_for_first_time_in_a_list_in_appmail_channel_using_X_Ms_Audience_Update_header_with_value_resub -->
  <testcase name="Verify_that_member_should_be_added_in_sms_pending_state_in_the_respective_list_and_get_confirm_opt_in_message_when_using_X_Ms_List_Confirm_header_using_X_Ms_Audience_Update_header_with_value_upsert" time="0.0" classname="com.mPulse.testCases.AudienceUpsertAPITest">
    <ignored/>
  </testcase> <!-- Verify_that_member_should_be_added_in_sms_pending_state_in_the_respective_list_and_get_confirm_opt_in_message_when_using_X_Ms_List_Confirm_header_using_X_Ms_Audience_Update_header_with_value_upsert -->
  <testcase name="Verify_API_request_fails_if_no_auth_credentials_are_given_X_Ms_Audience_Update_header_with_value_upsert" time="0.0" classname="com.mPulse.testCases.AudienceUpsertAPITest">
    <ignored/>
  </testcase> <!-- Verify_API_request_fails_if_no_auth_credentials_are_given_X_Ms_Audience_Update_header_with_value_upsert -->
  <testcase name="verify_that_welcome_message_is_received_for_SMS_on_joining_the_list_from_CSV_import_using_pipe_delimiter_CSV" time="0.0" classname="com.mPulse.testCases.MembersCSVUploadTest">
    <ignored/>
  </testcase> <!-- verify_that_welcome_message_is_received_for_SMS_on_joining_the_list_from_CSV_import_using_pipe_delimiter_CSV -->
  <testcase name="Verify_that_user_should_create_member_by_only_giving_valid_email_in_the_request" time="0.0" classname="com.mPulse.testCases.AudiencePostAPITest">
    <ignored/>
  </testcase> <!-- Verify_that_user_should_create_member_by_only_giving_valid_email_in_the_request -->
  <testcase name="Verify_API_request_should_only_accessible_through_valid_basic_authorization_for_not_valid_authorization_response_code_should_be_403" time="0.0" classname="com.mPulse.testCases.AudiencePostAPITest">
    <ignored/>
  </testcase> <!-- Verify_API_request_should_only_accessible_through_valid_basic_authorization_for_not_valid_authorization_response_code_should_be_403 -->
  <testcase name="Verify_that_subscribed_member_get_message_for_valid_event_fired_from_event_upload_api_v2" time="0.0" classname="com.mPulse.testCases.EventUploadAPI_V2Test">
    <ignored/>
  </testcase> <!-- Verify_that_subscribed_member_get_message_for_valid_event_fired_from_event_upload_api_v2 -->
  <testcase name="verify_that_user_get_Opt_out_message_by_sending_spanish_keyword_ALTO_from_which_he_or_she_recieved_last_mt" time="0.0" classname="com.mPulse.testCases.MOandARsTest">
    <ignored/>
  </testcase> <!-- verify_that_user_get_Opt_out_message_by_sending_spanish_keyword_ALTO_from_which_he_or_she_recieved_last_mt -->
  <testcase name="Verify_that_member_must_get_welcome_message_when_trying_to_re_subscribe_existing_unsubscription_member_for_email_channel_if_using_Send_Welcome_Message_true_and_X_Ms_Audience_Update_header_with_value_resub" time="0.0" classname="com.mPulse.testCases.AudienceReSubAPITest">
    <ignored/>
  </testcase> <!-- Verify_that_member_must_get_welcome_message_when_trying_to_re_subscribe_existing_unsubscription_member_for_email_channel_if_using_Send_Welcome_Message_true_and_X_Ms_Audience_Update_header_with_value_resub -->
  <testcase name="Verify_Member_Can_Be_Deleted_By_Email" time="0.0" classname="com.mPulse.testCases.DeleteMemberAPITest">
    <ignored/>
  </testcase> <!-- Verify_Member_Can_Be_Deleted_By_Email -->
  <testcase name="verify_that_confirm_opt_in_message_is_received_on_CSV_import_for_SMS_using_pipe_delimiter_CSV" time="0.0" classname="com.mPulse.testCases.MembersCSVUploadTest">
    <ignored/>
  </testcase> <!-- verify_that_confirm_opt_in_message_is_received_on_CSV_import_for_SMS_using_pipe_delimiter_CSV -->
  <testcase name="Verify_that_member_should_be_added_and_subscribed_in_sms_channel_in_the_respective_list_and_get_welcome_message_when_using_Send_Welcome_Message_header_in_the_respective_list_using_X_Ms_Audience_Update_header_with_value_upsert" time="0.0" classname="com.mPulse.testCases.AudienceUpsertAPITest">
    <ignored/>
  </testcase> <!-- Verify_that_member_should_be_added_and_subscribed_in_sms_channel_in_the_respective_list_and_get_welcome_message_when_using_Send_Welcome_Message_header_in_the_respective_list_using_X_Ms_Audience_Update_header_with_value_upsert -->
  <testcase name="Verify_that_user_should_create_new_member_by_giving_client_member_id_with_app_member_id_in_a_request" time="0.0" classname="com.mPulse.testCases.AudiencePostAPITest">
    <ignored/>
  </testcase> <!-- Verify_that_user_should_create_new_member_by_giving_client_member_id_with_app_member_id_in_a_request -->
  <testcase name="Verify_Two_Members_Can_Be_Deleted_By_Mobile_Phone_And_App_Member_Id" time="0.0" classname="com.mPulse.testCases.DeleteMemberAPITest">
    <ignored/>
  </testcase> <!-- Verify_Two_Members_Can_Be_Deleted_By_Mobile_Phone_And_App_Member_Id -->
  <testcase name="Verify_that_user_can_compose_campaign_with_having_segment_and_apply_date_trigger" time="0.0" classname="com.mPulse.testCases.SegmentProfileDateTriggerTest">
    <ignored/>
  </testcase> <!-- Verify_that_user_can_compose_campaign_with_having_segment_and_apply_date_trigger -->
  <testcase name="verify_that_user_get_Opt_in_message_by_sending_spanish_keyword_SI" time="0.0" classname="com.mPulse.testCases.MOandARsTest">
    <ignored/>
  </testcase> <!-- verify_that_user_get_Opt_in_message_by_sending_spanish_keyword_SI -->
  <testcase name="Verify_that_user_get_error_message_if_trying_to_subscribe_existing_subscribed_member_in_same_list_using_X_Ms_Audience_Update_header_with_value_sub" time="0.0" classname="com.mPulse.testCases.AudienceSubAPITest">
    <ignored/>
  </testcase> <!-- Verify_that_user_get_error_message_if_trying_to_subscribe_existing_subscribed_member_in_same_list_using_X_Ms_Audience_Update_header_with_value_sub -->
  <testcase name="Verify_that_member_must_get_in_pending_status_when_trying_to_re_subscribe_existing_unsubscription_member_for_email_channel_if_using_X_Ms_List_Confirm_true_and_X_Ms_Audience_Update_header_with_value_resub" time="0.0" classname="com.mPulse.testCases.AudienceReSubAPITest">
    <ignored/>
  </testcase> <!-- Verify_that_member_must_get_in_pending_status_when_trying_to_re_subscribe_existing_unsubscription_member_for_email_channel_if_using_X_Ms_List_Confirm_true_and_X_Ms_Audience_Update_header_with_value_resub -->
  <testcase name="Verify_Two_Members_Can_Be_Deleted_By_Member_ID_and_Client_Member_Id" time="0.0" classname="com.mPulse.testCases.DeleteMemberAPITest">
    <ignored/>
  </testcase> <!-- Verify_Two_Members_Can_Be_Deleted_By_Member_ID_and_Client_Member_Id -->
  <testcase name="Verify_uniqueness_on_identifiers_and_fail_if_not_unique_response_code_should_be_400" time="0.0" classname="com.mPulse.testCases.AudiencePostAPITest">
    <ignored/>
  </testcase> <!-- Verify_uniqueness_on_identifiers_and_fail_if_not_unique_response_code_should_be_400 -->
  <testcase name="Verify_that_member_should_be_added_and_subscribed_in_email_channel_in_the_respective_list_and_get_welcome_message_when_using_Send_Welcome_Message_header_in_the_respective_list" time="0.0" classname="com.mPulse.testCases.AudiencePostAPITest">
    <ignored/>
  </testcase> <!-- Verify_that_member_should_be_added_and_subscribed_in_email_channel_in_the_respective_list_and_get_welcome_message_when_using_Send_Welcome_Message_header_in_the_respective_list -->
  <testcase name="verify_that_welcome_message_is_received_for_SMS_on_joining_the_list_from_CSV_import_after_confirm_Opt_in" time="0.0" classname="com.mPulse.testCases.MembersCSVUploadTest">
    <ignored/>
  </testcase> <!-- verify_that_welcome_message_is_received_for_SMS_on_joining_the_list_from_CSV_import_after_confirm_Opt_in -->
  <testcase name="verify_that_User_Can_Mapp_All_Fields_using_with_pipe_delimiter_CSV" time="0.0" classname="com.mPulse.testCases.MembersCSVUploadTest">
    <ignored/>
  </testcase> <!-- verify_that_User_Can_Mapp_All_Fields_using_with_pipe_delimiter_CSV -->
  <testcase name="Verify_redirectional_URL_end_to_end" time="0.0" classname="com.mPulse.testCases.SMSLinkTrackingTest">
    <ignored/>
  </testcase> <!-- Verify_redirectional_URL_end_to_end -->
  <testcase name="Verify_API_request_fails_if_no_auth_credentials_are_given_using_X_Ms_Audience_Update_header_with_value_sub" time="0.0" classname="com.mPulse.testCases.AudienceSubAPITest">
    <ignored/>
  </testcase> <!-- Verify_API_request_fails_if_no_auth_credentials_are_given_using_X_Ms_Audience_Update_header_with_value_sub -->
  <testcase name="Verify_that_standard_fields_of_a_member_could_be_updated_using_X_Ms_Audience_Update_header_with_value_upsert" time="0.0" classname="com.mPulse.testCases.AudienceUpsertAPITest">
    <ignored/>
  </testcase> <!-- Verify_that_standard_fields_of_a_member_could_be_updated_using_X_Ms_Audience_Update_header_with_value_upsert -->
  <testcase name="Verify_that_user_can_subscribe_existing_member_in_all_channel_in_one_request_using_X_Ms_Audience_Update_header_with_value_sub" time="0.0" classname="com.mPulse.testCases.AudienceSubAPITest">
    <ignored/>
  </testcase> <!-- Verify_that_user_can_subscribe_existing_member_in_all_channel_in_one_request_using_X_Ms_Audience_Update_header_with_value_sub -->
  <testcase name="Verify_that_member_must_get_in_pending_status_for_sms_channel_if_using_X_Ms_List_Confirm_true_and_X_Ms_Audience_Update_header_with_value_sub" time="0.0" classname="com.mPulse.testCases.AudienceSubAPITest">
    <ignored/>
  </testcase> <!-- Verify_that_member_must_get_in_pending_status_for_sms_channel_if_using_X_Ms_List_Confirm_true_and_X_Ms_Audience_Update_header_with_value_sub -->
  <testcase name="Verify_that_user_can_subscribe_existing_member_in_new_list_in_email_channel_using_X_Ms_Audience_Update_header_with_value_sub" time="0.0" classname="com.mPulse.testCases.AudienceSubAPITest">
    <ignored/>
  </testcase> <!-- Verify_that_user_can_subscribe_existing_member_in_new_list_in_email_channel_using_X_Ms_Audience_Update_header_with_value_sub -->
  <testcase name="Verify_that_event_upload_API_working_for_xml" time="0.0" classname="com.mPulse.testCases.EventUploadAPI_V2Test">
    <ignored/>
  </testcase> <!-- Verify_that_event_upload_API_working_for_xml -->
  <testcase name="Verify_that_user_can_select_event_callback_in_JSON" time="0.0" classname="com.mPulse.testCases.EventUploadAPI_V2Test">
    <ignored/>
  </testcase> <!-- Verify_that_user_can_select_event_callback_in_JSON -->
  <testcase name="Verify_Member_Can_Be_Deleted_By_Client_Member_Id" time="0.0" classname="com.mPulse.testCases.DeleteMemberAPITest">
    <ignored/>
  </testcase> <!-- Verify_Member_Can_Be_Deleted_By_Client_Member_Id -->
  <testcase name="Verify_that_custom_fields_of_a_member_could_be_updated_using_X_Ms_Update_header_with_value_update" time="0.0" classname="com.mPulse.testCases.AudienceUpdateAPITest">
    <ignored/>
  </testcase> <!-- Verify_that_custom_fields_of_a_member_could_be_updated_using_X_Ms_Update_header_with_value_update -->
  <testcase name="Verify_that_pending_or_unsubscribe_member_does_not_get_message_for_valid_event_fired_from_event_upload_api_v2" time="0.0" classname="com.mPulse.testCases.EventUploadAPI_V2Test">
    <ignored/>
  </testcase> <!-- Verify_that_pending_or_unsubscribe_member_does_not_get_message_for_valid_event_fired_from_event_upload_api_v2 -->
  <testcase name="Verify_that_URLs_containing_hash_sign_should_work_properly_when_shortened" time="0.0" classname="com.mPulse.testCases.SMSLinkTrackingTest">
    <ignored/>
  </testcase> <!-- Verify_that_URLs_containing_hash_sign_should_work_properly_when_shortened -->
  <testcase name="Verify_that_message_must_not_fire_when_user_remove_existing_member_from_the_composite_segment_and_fire_date_trigger" time="0.0" classname="com.mPulse.testCases.MultiSegmentProfileDateTriggerTest">
    <ignored/>
  </testcase> <!-- Verify_that_message_must_not_fire_when_user_remove_existing_member_from_the_composite_segment_and_fire_date_trigger -->
  <testcase name="verify_that_user_recieved_stop_AR_of_list_and_gets_unsubscribed_from_that_list_from_which_he_or_she_recieved_last_mt" time="0.0" classname="com.mPulse.testCases.MOandARsTest">
    <ignored/>
  </testcase> <!-- verify_that_user_recieved_stop_AR_of_list_and_gets_unsubscribed_from_that_list_from_which_he_or_she_recieved_last_mt -->
  <testcase name="Verify_that_user_can_not_re_subscribe_already_unsubscribed_member_in_a_list_in_appmail_channel_using_X_Ms_Audience_Update_header_with_value_sub" time="0.0" classname="com.mPulse.testCases.AudienceSubAPITest">
    <ignored/>
  </testcase> <!-- Verify_that_user_can_not_re_subscribe_already_unsubscribed_member_in_a_list_in_appmail_channel_using_X_Ms_Audience_Update_header_with_value_sub -->
  <testcase name="Verify_that_user_can_only_update_identifiers_but_not_any_profile_field_when_using_Ignore_Error_For_Existing_Members_header" time="0.0" classname="com.mPulse.testCases.AudiencePostAPITest">
    <ignored/>
  </testcase> <!-- Verify_that_user_can_only_update_identifiers_but_not_any_profile_field_when_using_Ignore_Error_For_Existing_Members_header -->
  <testcase name="Verify_that_user_can_not_re_subscribe_already_unsubscribed_member_in_a_list_in_sms_channel_using_X_Ms_Audience_Update_header_with_value_sub" time="0.0" classname="com.mPulse.testCases.AudienceSubAPITest">
    <ignored/>
  </testcase> <!-- Verify_that_user_can_not_re_subscribe_already_unsubscribed_member_in_a_list_in_sms_channel_using_X_Ms_Audience_Update_header_with_value_sub -->
  <testcase name="Verify_that_fields_not_included_in_the_request_are_updated_to_null_when_using_X_Ms_Update_header_with_value_update" time="0.0" classname="com.mPulse.testCases.AudienceUpdateAPITest">
    <ignored/>
  </testcase> <!-- Verify_that_fields_not_included_in_the_request_are_updated_to_null_when_using_X_Ms_Update_header_with_value_update -->
  <testcase name="Verify_subscription_preferences_deeplink_feature_for_Email" time="0.0" classname="com.mPulse.testCases.SMSLinkTrackingTest">
    <ignored/>
  </testcase> <!-- Verify_subscription_preferences_deeplink_feature_for_Email -->
  <testcase name="Verify_that_fields_not_included_in_the_request_should_not_update_to_null_when_using_X_Ms_Update_included_fields_only_and_X_Ms_Audience_Update_header_with_value_upsert" time="0.0" classname="com.mPulse.testCases.AudienceUpsertAPITest">
    <ignored/>
  </testcase> <!-- Verify_that_fields_not_included_in_the_request_should_not_update_to_null_when_using_X_Ms_Update_included_fields_only_and_X_Ms_Audience_Update_header_with_value_upsert -->
  <testcase name="Verify_that_user_can_use_newly_created_event_in_setting_custom_event_for_member_engagement_trigger_in_a_campaign" time="0.0" classname="com.mPulse.testCases.EventUploadAPI_V2Test">
    <ignored/>
  </testcase> <!-- Verify_that_user_can_use_newly_created_event_in_setting_custom_event_for_member_engagement_trigger_in_a_campaign -->
  <testcase name="Verify_API_request_fails_if_no_auth_credentials_are_given" time="0.0" classname="com.mPulse.testCases.AudienceUpdateAPITest">
    <ignored/>
  </testcase> <!-- Verify_API_request_fails_if_no_auth_credentials_are_given -->
  <testcase name="Verify_that_when_using_all_identifiers_in_a_single_request_if_one_or_more_identifiers_are_invalid_then_request_marked_as_failed_and_the_response_code_should_be_400" time="0.0" classname="com.mPulse.testCases.AudiencePostAPITest">
    <ignored/>
  </testcase> <!-- Verify_that_when_using_all_identifiers_in_a_single_request_if_one_or_more_identifiers_are_invalid_then_request_marked_as_failed_and_the_response_code_should_be_400 -->
  <testcase name="verify_that_user_recieved_stopall_AR_and_gets_unsubscribed_from_all_lists_and_added_to_GPRL" time="0.0" classname="com.mPulse.testCases.MOandARsTest">
    <ignored/>
  </testcase> <!-- verify_that_user_recieved_stopall_AR_and_gets_unsubscribed_from_all_lists_and_added_to_GPRL -->
  <testcase name="Verify_that_user_can_re_subscribe_already_unsubscribed_member_in_a_list_in_sms_channel_using_X_Ms_Audience_Update_header_with_value_resub" time="0.0" classname="com.mPulse.testCases.AudienceReSubAPITest">
    <ignored/>
  </testcase> <!-- Verify_that_user_can_re_subscribe_already_unsubscribed_member_in_a_list_in_sms_channel_using_X_Ms_Audience_Update_header_with_value_resub -->
</testsuite> <!-- DemoTest1 -->
