<?xml version="1.0" encoding="UTF-8"?>
<!-- Generated by org.testng.reporters.JUnitXMLReporter -->
<testsuite hostname="krishna-Inspiron-3543" ignored="20" name="SanityTestone" tests="1" failures="0" timestamp="31 Dec 2018 10:37:49 GMT" time="64.954" errors="0">
  <testcase name="verify_that_User_Can_Mapp_All_Fields_using_comma_delimited_CSV" time="56.438" classname="com.mPulse.testCases.MembersCSVUpload"/>
  <testcase name="getMemberData" time="0.0" classname="com.mPulse.testCases.MemberApiTest">
    <ignored/>
  </testcase> <!-- getMemberData -->
  <testcase name="Verify_that_user_can_create_segment_with_custom_and_standard_field" time="0.0" classname="com.mPulse.testCases.UnitTest">
    <ignored/>
  </testcase> <!-- Verify_that_user_can_create_segment_with_custom_and_standard_field -->
  <testcase name="@AfterSuite endSuite" time="0.0" classname="com.mPulse.testCases.BaseTest">
    <ignored/>
  </testcase> <!-- @AfterSuite endSuite -->
  <testcase name="@AfterSuite endSuite" time="0.0" classname="com.mPulse.testCases.BaseTest">
    <ignored/>
  </testcase> <!-- @AfterSuite endSuite -->
  <testcase name="@AfterSuite endSuite" time="0.0" classname="com.mPulse.testCases.BaseTest">
    <ignored/>
  </testcase> <!-- @AfterSuite endSuite -->
  <testcase name="@AfterSuite endSuite" time="0.0" classname="com.mPulse.testCases.BaseTest">
    <ignored/>
  </testcase> <!-- @AfterSuite endSuite -->
  <testcase name="Verify_that_user_can_create_segment_with_custom_and_standard_field" time="0.0" classname="com.mPulse.testCases.SegmentProfileDateTriggerTest">
    <ignored/>
  </testcase> <!-- Verify_that_user_can_create_segment_with_custom_and_standard_field -->
  <testcase name="@AfterTest endTest" time="0.0" classname="com.mPulse.testCases.BaseTest">
    <ignored/>
  </testcase> <!-- @AfterTest endTest -->
  <testcase name="@AfterTest endTest" time="0.0" classname="com.mPulse.testCases.BaseTest">
    <ignored/>
  </testcase> <!-- @AfterTest endTest -->
  <testcase name="@AfterTest endTest" time="0.0" classname="com.mPulse.testCases.BaseTest">
    <ignored/>
  </testcase> <!-- @AfterTest endTest -->
  <testcase name="@AfterTest endTest" time="0.0" classname="com.mPulse.testCases.BaseTest">
    <ignored/>
  </testcase> <!-- @AfterTest endTest -->
  <testcase name="@BeforeTest statrTest" time="0.0" classname="com.mPulse.testCases.BaseTest">
    <ignored/>
  </testcase> <!-- @BeforeTest statrTest -->
  <testcase name="@BeforeTest statrTest" time="0.0" classname="com.mPulse.testCases.BaseTest">
    <ignored/>
  </testcase> <!-- @BeforeTest statrTest -->
  <testcase name="@BeforeTest statrTest" time="0.0" classname="com.mPulse.testCases.BaseTest">
    <ignored/>
  </testcase> <!-- @BeforeTest statrTest -->
  <testcase name="@BeforeTest statrTest" time="0.0" classname="com.mPulse.testCases.BaseTest">
    <ignored/>
  </testcase> <!-- @BeforeTest statrTest -->
  <testcase name="@BeforeSuite statrSuite" time="0.0" classname="com.mPulse.testCases.BaseTest">
    <ignored/>
  </testcase> <!-- @BeforeSuite statrSuite -->
  <testcase name="@BeforeSuite statrSuite" time="0.0" classname="com.mPulse.testCases.BaseTest">
    <ignored/>
  </testcase> <!-- @BeforeSuite statrSuite -->
  <testcase name="@BeforeSuite statrSuite" time="0.0" classname="com.mPulse.testCases.BaseTest">
    <ignored/>
  </testcase> <!-- @BeforeSuite statrSuite -->
  <testcase name="@BeforeSuite statrSuite" time="0.0" classname="com.mPulse.testCases.BaseTest">
    <ignored/>
  </testcase> <!-- @BeforeSuite statrSuite -->
  <testcase name="createNewMember" time="0.0" classname="com.mPulse.testCases.MemberApiTest">
    <ignored/>
  </testcase> <!-- createNewMember -->
</testsuite> <!-- SanityTestone -->
