<?xml version="1.0" encoding="UTF-8"?>
<!-- Generated by org.testng.reporters.JUnitXMLReporter -->
<testsuite hostname="krishna-Inspiron-3543" ignored="17" name="SanityTest" tests="1" failures="0" timestamp="05 Jul 2018 16:19:15 GMT" time="58.772" errors="0">
  <testcase name="verify_that_confirm_opt_in_message_is_received_on_CSV_import_for_Email" time="45.441" classname="com.mPulse.testCases.MembersCSVUpload"/>
  <testcase name="getMemberData" time="0.0" classname="com.mPulse.testCases.MemberApiTest">
    <ignored/>
  </testcase> <!-- getMemberData -->
  <testcase name="verifyUserCanMappAllFields" time="0.0" classname="com.mPulse.testCases.LoginTest">
    <ignored/>
  </testcase> <!-- verifyUserCanMappAllFields -->
  <testcase name="verify_that_confirm_opt_in_message_is_received_on_CSV_import_for_SMS" time="0.0" classname="com.mPulse.testCases.MembersCSVUpload">
    <ignored/>
  </testcase> <!-- verify_that_confirm_opt_in_message_is_received_on_CSV_import_for_SMS -->
  <testcase name="@AfterSuite endSuite" time="0.0" classname="com.mPulse.testCases.BaseTest">
    <ignored/>
  </testcase> <!-- @AfterSuite endSuite -->
  <testcase name="@AfterSuite endSuite" time="0.0" classname="com.mPulse.testCases.BaseTest">
    <ignored/>
  </testcase> <!-- @AfterSuite endSuite -->
  <testcase name="testGetResultSet" time="0.0" classname="com.mPulse.testCases.DataBaseTest">
    <ignored/>
  </testcase> <!-- testGetResultSet -->
  <testcase name="verifyUserCanMappFirstName" time="0.0" classname="com.mPulse.testCases.LoginTest">
    <ignored/>
  </testcase> <!-- verifyUserCanMappFirstName -->
  <testcase name="verifyUserCanMappAllFields" time="0.0" classname="com.mPulse.testCases.MembersCSVUpload">
    <ignored/>
  </testcase> <!-- verifyUserCanMappAllFields -->
  <testcase name="testGetStringData" time="0.0" classname="com.mPulse.testCases.DataBaseTest">
    <ignored/>
  </testcase> <!-- testGetStringData -->
  <testcase name="@AfterTest endTest" time="0.0" classname="com.mPulse.testCases.BaseTest">
    <ignored/>
  </testcase> <!-- @AfterTest endTest -->
  <testcase name="@AfterTest endTest" time="0.0" classname="com.mPulse.testCases.BaseTest">
    <ignored/>
  </testcase> <!-- @AfterTest endTest -->
  <testcase name="@BeforeTest statrTest" time="0.0" classname="com.mPulse.testCases.BaseTest">
    <ignored/>
  </testcase> <!-- @BeforeTest statrTest -->
  <testcase name="@BeforeTest statrTest" time="0.0" classname="com.mPulse.testCases.BaseTest">
    <ignored/>
  </testcase> <!-- @BeforeTest statrTest -->
  <testcase name="@BeforeSuite statrSuite" time="0.0" classname="com.mPulse.testCases.BaseTest">
    <ignored/>
  </testcase> <!-- @BeforeSuite statrSuite -->
  <testcase name="@BeforeSuite statrSuite" time="0.0" classname="com.mPulse.testCases.BaseTest">
    <ignored/>
  </testcase> <!-- @BeforeSuite statrSuite -->
  <testcase name="createNewMember" time="0.0" classname="com.mPulse.testCases.MemberApiTest">
    <ignored/>
  </testcase> <!-- createNewMember -->
  <testcase name="testMethodWithWrongListName" time="0.0" classname="com.mPulse.testCases.LoginTest">
    <ignored/>
  </testcase> <!-- testMethodWithWrongListName -->
</testsuite> <!-- SanityTest -->
