<?xml version="1.0" encoding="UTF-8"?>
<!-- Generated by org.testng.reporters.JUnitXMLReporter -->
<testsuite hostname="krishna-Inspiron-3543" ignored="32" name="SanityTesttwo" tests="1" failures="0" timestamp="12 Aug 2018 08:01:03 GMT" time="0.059" errors="0">
  <testcase name="@BeforeTest statrTest" time="0.0" classname="com.mPulse.testCases.BaseTest">
    <failure type="org.testng.TestNGException" message="
Parameter &amp;apos;browser&amp;apos; is required by BeforeTest on method statrTest but has not been marked @Optional or defined
in /home/krishna/mPulseWorkspace/msx.final/mobilestorm/QATesting/mPulseAutomation/src/test/resources/sanity_testng.xml">
      <![CDATA[org.testng.TestNGException: 
Parameter 'browser' is required by BeforeTest on method statrTest but has not been marked @Optional or defined
in /home/krishna/mPulseWorkspace/msx.final/mobilestorm/QATesting/mPulseAutomation/src/test/resources/sanity_testng.xml
at java.util.concurrent.FutureTask.run(FutureTask.java:266)
at java.util.concurrent.ThreadPoolExecutor.runWorker(ThreadPoolExecutor.java:1149)
at java.util.concurrent.ThreadPoolExecutor$Worker.run(ThreadPoolExecutor.java:624)
at java.lang.Thread.run(Thread.java:748)
... Removed 12 stack frames]]>
    </failure>
  </testcase> <!-- @BeforeTest statrTest -->
  <testcase name="@AfterTest endTest" time="0.0" classname="com.mPulse.testCases.BaseTest">
    <failure type="org.testng.TestNGException" message="
Parameter &amp;apos;browser&amp;apos; is required by AfterTest on method endTest but has not been marked @Optional or defined
in /home/krishna/mPulseWorkspace/msx.final/mobilestorm/QATesting/mPulseAutomation/src/test/resources/sanity_testng.xml">
      <![CDATA[org.testng.TestNGException: 
Parameter 'browser' is required by AfterTest on method endTest but has not been marked @Optional or defined
in /home/krishna/mPulseWorkspace/msx.final/mobilestorm/QATesting/mPulseAutomation/src/test/resources/sanity_testng.xml
at java.util.concurrent.FutureTask.run(FutureTask.java:266)
at java.util.concurrent.ThreadPoolExecutor.runWorker(ThreadPoolExecutor.java:1149)
at java.util.concurrent.ThreadPoolExecutor$Worker.run(ThreadPoolExecutor.java:624)
at java.lang.Thread.run(Thread.java:748)
... Removed 12 stack frames]]>
    </failure>
  </testcase> <!-- @AfterTest endTest -->
  <testcase name="verify_that_confirm_opt_in_message_is_received_on_CSV_import_for_Email" time="0.0" classname="com.mPulse.testCases.LoginTest">
    <skipped/>
  </testcase> <!-- verify_that_confirm_opt_in_message_is_received_on_CSV_import_for_Email -->
  <testcase name="verify_that_welcome_message_is_received_for_EMAIL_on_joining_the_list_from_CSV_import" time="0.0" classname="com.mPulse.testCases.MembersCSVUpload">
    <ignored/>
  </testcase> <!-- verify_that_welcome_message_is_received_for_EMAIL_on_joining_the_list_from_CSV_import -->
  <testcase name="verify_that_welcome_message_is_received_for_EMAIL_on_joining_the_list_from_CSV_import_after_confirm_Opt_in" time="0.0" classname="com.mPulse.testCases.MembersCSVUpload">
    <ignored/>
  </testcase> <!-- verify_that_welcome_message_is_received_for_EMAIL_on_joining_the_list_from_CSV_import_after_confirm_Opt_in -->
  <testcase name="verify_that_the_new_valid_phone_number_merge_with_existing_email_or_appmail_member" time="0.0" classname="com.mPulse.testCases.MembersCSVUpload">
    <ignored/>
  </testcase> <!-- verify_that_the_new_valid_phone_number_merge_with_existing_email_or_appmail_member -->
  <testcase name="Verify_that_message_must_fire_when_user_add_member_to_the_segment_and_fire_date_trigger" time="0.0" classname="com.mPulse.testCases.SegmentProfileDateTriggerTest">
    <ignored/>
  </testcase> <!-- Verify_that_message_must_fire_when_user_add_member_to_the_segment_and_fire_date_trigger -->
  <testcase name="verify_that_the_footer_is_appended_for_email_in_welcome_message" time="0.0" classname="com.mPulse.testCases.MembersCSVUpload">
    <ignored/>
  </testcase> <!-- verify_that_the_footer_is_appended_for_email_in_welcome_message -->
  <testcase name="verify_that_confirm_opt_in_message_is_received_on_CSV_import_for_Email" time="0.0" classname="com.mPulse.testCases.MembersCSVUpload">
    <ignored/>
  </testcase> <!-- verify_that_confirm_opt_in_message_is_received_on_CSV_import_for_Email -->
  <testcase name="verify_that_confirm_opt_in_message_is_received_on_CSV_import_for_SMS" time="0.0" classname="com.mPulse.testCases.LoginTest">
    <ignored/>
  </testcase> <!-- verify_that_confirm_opt_in_message_is_received_on_CSV_import_for_SMS -->
  <testcase name="Verify_that_user_can_create_segment_with_custom_and_standard_field" time="0.0" classname="com.mPulse.testCases.SegmentProfileDateTriggerTest">
    <ignored/>
  </testcase> <!-- Verify_that_user_can_create_segment_with_custom_and_standard_field -->
  <testcase name="Verify_that_message_must_not_fire_to_member_not_in_the_segment_but_in_the_list" time="0.0" classname="com.mPulse.testCases.SegmentProfileDateTriggerTest">
    <ignored/>
  </testcase> <!-- Verify_that_message_must_not_fire_to_member_not_in_the_segment_but_in_the_list -->
  <testcase name="@BeforeSuite statrSuite" time="0.0" classname="com.mPulse.testCases.BaseTest">
    <ignored/>
  </testcase> <!-- @BeforeSuite statrSuite -->
  <testcase name="@BeforeSuite statrSuite" time="0.0" classname="com.mPulse.testCases.BaseTest">
    <ignored/>
  </testcase> <!-- @BeforeSuite statrSuite -->
  <testcase name="createNewMember" time="0.0" classname="com.mPulse.testCases.MemberApiTest">
    <ignored/>
  </testcase> <!-- createNewMember -->
  <testcase name="verify_that_welcome_message_is_received_for_SMS_on_joining_the_list_from_CSV_import_after_confirm_Opt_in" time="0.0" classname="com.mPulse.testCases.MembersCSVUpload">
    <ignored/>
  </testcase> <!-- verify_that_welcome_message_is_received_for_SMS_on_joining_the_list_from_CSV_import_after_confirm_Opt_in -->
  <testcase name="Verify_that_user_can_compose_campaign_with_having_segment_and_apply_profile_trigger" time="0.0" classname="com.mPulse.testCases.SegmentProfileDateTriggerTest">
    <ignored/>
  </testcase> <!-- Verify_that_user_can_compose_campaign_with_having_segment_and_apply_profile_trigger -->
  <testcase name="getMemberData" time="0.0" classname="com.mPulse.testCases.MemberApiTest">
    <ignored/>
  </testcase> <!-- getMemberData -->
  <testcase name="verify_that_welcome_message_is_received_for_SMS_on_joining_the_list_from_CSV_import" time="0.0" classname="com.mPulse.testCases.MembersCSVUpload">
    <ignored/>
  </testcase> <!-- verify_that_welcome_message_is_received_for_SMS_on_joining_the_list_from_CSV_import -->
  <testcase name="verify_that_confirm_opt_in_message_is_received_on_CSV_import_for_SMS" time="0.0" classname="com.mPulse.testCases.MembersCSVUpload">
    <ignored/>
  </testcase> <!-- verify_that_confirm_opt_in_message_is_received_on_CSV_import_for_SMS -->
  <testcase name="@AfterSuite endSuite" time="0.0" classname="com.mPulse.testCases.BaseTest">
    <ignored/>
  </testcase> <!-- @AfterSuite endSuite -->
  <testcase name="@AfterSuite endSuite" time="0.0" classname="com.mPulse.testCases.BaseTest">
    <ignored/>
  </testcase> <!-- @AfterSuite endSuite -->
  <testcase name="verify_that_Unsubscribe_Link_in_Email_is_working" time="0.0" classname="com.mPulse.testCases.MembersCSVUpload">
    <ignored/>
  </testcase> <!-- verify_that_Unsubscribe_Link_in_Email_is_working -->
  <testcase name="verify_that_reporting_of_member_status_by_import_in_the_CSV_Import_Subscribe_Members_tab_in_my_account" time="0.0" classname="com.mPulse.testCases.MembersCSVUpload">
    <ignored/>
  </testcase> <!-- verify_that_reporting_of_member_status_by_import_in_the_CSV_Import_Subscribe_Members_tab_in_my_account -->
  <testcase name="verify_that_the_footer_is_appended_for_sms_in_welcome_message" time="0.0" classname="com.mPulse.testCases.MembersCSVUpload">
    <ignored/>
  </testcase> <!-- verify_that_the_footer_is_appended_for_sms_in_welcome_message -->
  <testcase name="Verify_that_message_must_fire_when_user_add_member_to_the_segment_and_fire_profile_trigger" time="0.0" classname="com.mPulse.testCases.SegmentProfileDateTriggerTest">
    <ignored/>
  </testcase> <!-- Verify_that_message_must_fire_when_user_add_member_to_the_segment_and_fire_profile_trigger -->
  <testcase name="verifyUserCanMappAllFields" time="0.0" classname="com.mPulse.testCases.MembersCSVUpload">
    <ignored/>
  </testcase> <!-- verifyUserCanMappAllFields -->
  <testcase name="Verify_that_message_must_not_fire_when_user_remove_existing_member_from_the_segment_and_fire_date_trigger" time="0.0" classname="com.mPulse.testCases.SegmentProfileDateTriggerTest">
    <ignored/>
  </testcase> <!-- Verify_that_message_must_not_fire_when_user_remove_existing_member_from_the_segment_and_fire_date_trigger -->
  <testcase name="testGetStringData" time="0.0" classname="com.mPulse.testCases.DataBaseTest">
    <ignored/>
  </testcase> <!-- testGetStringData -->
  <testcase name="@AfterTest endTest" time="0.0" classname="com.mPulse.testCases.BaseTest">
    <ignored/>
  </testcase> <!-- @AfterTest endTest -->
  <testcase name="@AfterTest endTest" time="0.0" classname="com.mPulse.testCases.BaseTest">
    <ignored/>
  </testcase> <!-- @AfterTest endTest -->
  <testcase name="@BeforeTest statrTest" time="0.0" classname="com.mPulse.testCases.BaseTest">
    <ignored/>
  </testcase> <!-- @BeforeTest statrTest -->
  <testcase name="@BeforeTest statrTest" time="0.0" classname="com.mPulse.testCases.BaseTest">
    <ignored/>
  </testcase> <!-- @BeforeTest statrTest -->
  <testcase name="Verify_that_user_can_compose_campaign_with_having_segment_and_apply_date_trigger" time="0.0" classname="com.mPulse.testCases.SegmentProfileDateTriggerTest">
    <ignored/>
  </testcase> <!-- Verify_that_user_can_compose_campaign_with_having_segment_and_apply_date_trigger -->
  <testcase name="Verify_that_message_must_not_fire_when_user_remove_existing_member_from_segment_and_fire_profile_trigger" time="0.0" classname="com.mPulse.testCases.SegmentProfileDateTriggerTest">
    <ignored/>
  </testcase> <!-- Verify_that_message_must_not_fire_when_user_remove_existing_member_from_segment_and_fire_profile_trigger -->
</testsuite> <!-- SanityTesttwo -->
