<?xml version="1.0" encoding="UTF-8"?>
<!-- Generated by org.testng.reporters.JUnitXMLReporter -->
<testsuite hostname="krishna-Inspiron-3543" ignored="2" name="Test" tests="4" failures="0" timestamp="02 Jul 2018 18:58:57 GMT" time="0.71" errors="0">
  <testcase name="test001" time="0.008" classname="com.mPulse.extentTestBase.Test001P"/>
  <testcase name="test002" time="0.011" classname="com.mPulse.extentTestBase.Test001P"/>
  <testcase name="test003" time="0.002" classname="com.mPulse.extentTestBase.Test002P"/>
  <testcase name="test004" time="0.008" classname="com.mPulse.extentTestBase.Test002P"/>
  <testcase name="@AfterSuite afterSuite" time="0.0" classname="com.mPulse.extentTestBase.TestBase">
    <ignored/>
  </testcase> <!-- @AfterSuite afterSuite -->
  <testcase name="@AfterSuite afterSuite" time="0.0" classname="com.mPulse.extentTestBase.TestBase">
    <ignored/>
  </testcase> <!-- @AfterSuite afterSuite -->
</testsuite> <!-- Test -->
